This file contains any messages produced by compilers while
running configure, to aid debugging if configure makes a mistake.

It was created by SKETCH configure 1.7.5, which was
generated by GNU Autoconf 2.71.  Invocation command line was

  $ ./configure

## --------- ##
## Platform. ##
## --------- ##

hostname = bagganghuis-MacBook-Air.local
uname -m = arm64
uname -r = 20.3.0
uname -s = Darwin
uname -v = Darwin Kernel Version 20.3.0: Thu Jan 21 00:06:51 PST 2021; root:xnu-7195.81.3~1/RELEASE_ARM64_T8101

/usr/bin/uname -p = arm
/bin/uname -X     = unknown

/bin/arch              = unknown
/usr/bin/arch -k       = unknown
/usr/convex/getsysinfo = unknown
/usr/bin/hostinfo      = Mach kernel version:
	 Darwin Kernel Version 20.3.0: Thu Jan 21 00:06:51 PST 2021; root:xnu-7195.81.3~1/RELEASE_ARM64_T8101
Kernel configured for up to 8 processors.
8 processors are physically available.
8 processors are logically available.
Processor type: arm64e (ARM64E)
Processors active: 0 1 2 3 4 5 6 7
Primary memory available: 8.00 gigabytes
Default processor set: 497 tasks, 2322 threads, 8 processors
Load average: 1.58, Mach factor: 6.41
/bin/machine           = unknown
/usr/bin/oslevel       = unknown
/bin/universe          = unknown

PATH: /opt/homebrew/bin/
PATH: /opt/homebrew/sbin/
PATH: /usr/local/bin/
PATH: /usr/bin/
PATH: /bin/
PATH: /usr/sbin/
PATH: /sbin/
PATH: /Library/Apple/usr/bin/


## ----------- ##
## Core tests. ##
## ----------- ##

configure:3008: looking for aux files: missing install-sh compile config.guess config.sub ltmain.sh
configure:3021:  trying ./
configure:3050:   ./missing found
configure:3032:   ./install-sh found
configure:3050:   ./compile found
configure:3050:   ./config.guess found
configure:3050:   ./config.sub found
configure:3050:   ./ltmain.sh found
configure:3197: checking build system type
configure:3212: result: aarch64-apple-darwin20.3.0
configure:3232: checking host system type
configure:3246: result: aarch64-apple-darwin20.3.0
configure:3287: checking how to print strings
configure:3314: result: printf
configure:3400: checking for gcc
configure:3421: found /usr/bin/gcc
configure:3432: result: gcc
configure:3785: checking for C compiler version
configure:3794: gcc --version >&5
Apple clang version 12.0.5 (clang-1205.0.22.9)
Target: arm64-apple-darwin20.3.0
Thread model: posix
InstalledDir: /Library/Developer/CommandLineTools/usr/bin
Configured with: --prefix=/Library/Developer/CommandLineTools/usr --with-gxx-include-dir=/Library/Developer/CommandLineTools/SDKs/MacOSX.sdk/usr/include/c++/4.2.1
configure:3805: $? = 0
configure:3794: gcc -v >&5
Configured with: --prefix=/Library/Developer/CommandLineTools/usr --with-gxx-include-dir=/Library/Developer/CommandLineTools/SDKs/MacOSX.sdk/usr/include/c++/4.2.1
Apple clang version 12.0.5 (clang-1205.0.22.9)
Target: arm64-apple-darwin20.3.0
Thread model: posix
InstalledDir: /Library/Developer/CommandLineTools/usr/bin
configure:3805: $? = 0
configure:3794: gcc -V >&5
clang: error: argument to '-V' is missing (expected 1 value)
clang: error: no input files
configure:3805: $? = 1
configure:3794: gcc -qversion >&5
clang: error: unknown argument '-qversion'; did you mean '--version'?
clang: error: no input files
configure:3805: $? = 1
configure:3794: gcc -version >&5
clang: error: unknown argument '-version'; did you mean '--version'?
clang: error: no input files
configure:3805: $? = 1
configure:3825: checking whether the C compiler works
configure:3847: gcc    conftest.c  >&5
configure:3851: $? = 0
configure:3901: result: yes
configure:3904: checking for C compiler default output file name
configure:3906: result: a.out
configure:3912: checking for suffix of executables
configure:3919: gcc -o conftest    conftest.c  >&5
configure:3923: $? = 0
configure:3946: result: 
configure:3968: checking whether we are cross compiling
configure:3976: gcc -o conftest    conftest.c  >&5
configure:3980: $? = 0
configure:3987: ./conftest
configure:3991: $? = 0
configure:4006: result: no
configure:4011: checking for suffix of object files
configure:4034: gcc -c   conftest.c >&5
configure:4038: $? = 0
configure:4060: result: o
configure:4064: checking whether the compiler supports GNU C
configure:4084: gcc -c   conftest.c >&5
configure:4084: $? = 0
configure:4094: result: yes
configure:4105: checking whether gcc accepts -g
configure:4126: gcc -c -g  conftest.c >&5
configure:4126: $? = 0
configure:4170: result: yes
configure:4190: checking for gcc option to enable C11 features
configure:4205: gcc  -c -g -O2  conftest.c >&5
configure:4205: $? = 0
configure:4223: result: none needed
configure:4339: checking whether gcc understands -c and -o together
configure:4362: gcc -c conftest.c -o conftest2.o
configure:4365: $? = 0
configure:4362: gcc -c conftest.c -o conftest2.o
configure:4365: $? = 0
configure:4377: result: yes
configure:4394: checking for a sed that does not truncate output
configure:4464: result: /usr/bin/sed
configure:4482: checking for grep that handles long lines and -e
configure:4546: result: /usr/bin/grep
configure:4551: checking for egrep
configure:4619: result: /usr/bin/grep -E
configure:4624: checking for fgrep
configure:4692: result: /usr/bin/grep -F
configure:4728: checking for ld used by gcc
configure:4796: result: /Library/Developer/CommandLineTools/usr/bin/ld
configure:4803: checking if the linker (/Library/Developer/CommandLineTools/usr/bin/ld) is GNU ld
configure:4819: result: no
configure:4831: checking for BSD- or MS-compatible name lister (nm)
configure:4886: result: /usr/bin/nm -B
configure:5026: checking the name lister (/usr/bin/nm -B) interface
configure:5034: gcc -c -g -O2  conftest.c >&5
configure:5037: /usr/bin/nm -B "conftest.o"
configure:5040: output
000000000000023c S _some_variable
0000000000000000 t ltmp0
000000000000023c s ltmp1
configure:5047: result: BSD nm
configure:5050: checking whether ln -s works
configure:5054: result: yes
configure:5062: checking the maximum length of command line arguments
configure:5194: result: 786432
configure:5242: checking how to convert aarch64-apple-darwin20.3.0 file names to aarch64-apple-darwin20.3.0 format
configure:5283: result: func_convert_file_noop
configure:5290: checking how to convert aarch64-apple-darwin20.3.0 file names to toolchain format
configure:5311: result: func_convert_file_noop
configure:5318: checking for /Library/Developer/CommandLineTools/usr/bin/ld option to reload object files
configure:5326: result: -r
configure:5405: checking for objdump
configure:5426: found /usr/bin/objdump
configure:5437: result: objdump
configure:5469: checking how to recognize dependent libraries
configure:5670: result: pass_all
configure:5760: checking for dlltool
configure:5795: result: no
configure:5825: checking how to associate runtime and link libraries
configure:5853: result: printf %s\n
configure:5919: checking for ar
configure:5940: found /usr/bin/ar
configure:5951: result: ar
configure:5988: checking for archiver @FILE support
configure:6006: gcc -c -g -O2  conftest.c >&5
configure:6006: $? = 0
configure:6010: ar cru libconftest.a @conftest.lst >&5
ar: @conftest.lst: No such file or directory
configure:6013: $? = 1
configure:6033: result: no
configure:6096: checking for strip
configure:6117: found /usr/bin/strip
configure:6128: result: strip
configure:6205: checking for ranlib
configure:6226: found /usr/bin/ranlib
configure:6237: result: ranlib
configure:6314: checking for gawk
configure:6349: result: no
configure:6314: checking for mawk
configure:6349: result: no
configure:6314: checking for nawk
configure:6349: result: no
configure:6314: checking for awk
configure:6335: found /usr/bin/awk
configure:6346: result: awk
configure:6386: checking command to parse /usr/bin/nm -B output from gcc object
configure:6540: gcc -c -g -O2  conftest.c >&5
configure:6543: $? = 0
configure:6547: /usr/bin/nm -B conftest.o \| sed -n -e 's/^.*[ ]\([BCDEGRST][BCDEGRST]*\)[ ][ ]*\([_A-Za-z][_A-Za-z0-9]*\)$/\1 \2 \2/p' | sed '/ __gnu_lto/d' \> conftest.nm
configure:6550: $? = 0
cannot find nm_test_var in conftest.nm
configure:6540: gcc -c -g -O2  conftest.c >&5
configure:6543: $? = 0
configure:6547: /usr/bin/nm -B conftest.o \| sed -n -e 's/^.*[ ]\([BCDEGRST][BCDEGRST]*\)[ ][ ]*_\([_A-Za-z][_A-Za-z0-9]*\)$/\1 _\2 \2/p' | sed '/ __gnu_lto/d' \> conftest.nm
configure:6550: $? = 0
configure:6616: gcc -o conftest -g -O2   conftest.c conftstm.o >&5
warning: (arm64)  could not find object file symbol for symbol _main
configure:6619: $? = 0
configure:6657: result: ok
configure:6704: checking for sysroot
configure:6735: result: no
configure:6742: checking for a working dd
configure:6786: result: /bin/dd
configure:6790: checking how to truncate binary pipes
configure:6806: result: /bin/dd bs=4096 count=1
configure:7143: checking for mt
configure:7178: result: no
configure:7198: checking if : is a manifest tool
configure:7205: : '-?'
configure:7213: result: no
configure:7274: checking for dsymutil
configure:7295: found /usr/bin/dsymutil
configure:7306: result: dsymutil
configure:7376: checking for nmedit
configure:7397: found /usr/bin/nmedit
configure:7408: result: nmedit
configure:7478: checking for lipo
configure:7499: found /usr/bin/lipo
configure:7510: result: lipo
configure:7580: checking for otool
configure:7601: found /usr/bin/otool
configure:7612: result: otool
configure:7682: checking for otool64
configure:7717: result: no
configure:7762: checking for -single_module linker flag
gcc -g -O2  -o libconftest.dylib -dynamiclib -Wl,-single_module conftest.c
configure:7796: result: yes
configure:7799: checking for -exported_symbols_list linker flag
configure:7820: gcc -o conftest -g -O2   -Wl,-exported_symbols_list,conftest.sym conftest.c  >&5
configure:7820: $? = 0
configure:7831: result: yes
configure:7834: checking for -force_load linker flag
gcc -g -O2 -c -o conftest.o conftest.c
ar cru libconftest.a conftest.o
ranlib libconftest.a
gcc -g -O2  -o conftest conftest.c -Wl,-force_load,./libconftest.a
configure:7867: result: yes
configure:7938: checking for stdio.h
configure:7938: gcc -c -g -O2  conftest.c >&5
configure:7938: $? = 0
configure:7938: result: yes
configure:7938: checking for stdlib.h
configure:7938: gcc -c -g -O2  conftest.c >&5
configure:7938: $? = 0
configure:7938: result: yes
configure:7938: checking for string.h
configure:7938: gcc -c -g -O2  conftest.c >&5
configure:7938: $? = 0
configure:7938: result: yes
configure:7938: checking for inttypes.h
configure:7938: gcc -c -g -O2  conftest.c >&5
configure:7938: $? = 0
configure:7938: result: yes
configure:7938: checking for stdint.h
configure:7938: gcc -c -g -O2  conftest.c >&5
configure:7938: $? = 0
configure:7938: result: yes
configure:7938: checking for strings.h
configure:7938: gcc -c -g -O2  conftest.c >&5
configure:7938: $? = 0
configure:7938: result: yes
configure:7938: checking for sys/stat.h
configure:7938: gcc -c -g -O2  conftest.c >&5
configure:7938: $? = 0
configure:7938: result: yes
configure:7938: checking for sys/types.h
configure:7938: gcc -c -g -O2  conftest.c >&5
configure:7938: $? = 0
configure:7938: result: yes
configure:7938: checking for unistd.h
configure:7938: gcc -c -g -O2  conftest.c >&5
configure:7938: $? = 0
configure:7938: result: yes
configure:7938: checking for sys/time.h
configure:7938: gcc -c -g -O2  conftest.c >&5
configure:7938: $? = 0
configure:7938: result: yes
configure:7938: checking for sys/select.h
configure:7938: gcc -c -g -O2  conftest.c >&5
configure:7938: $? = 0
configure:7938: result: yes
configure:7938: checking for sys/socket.h
configure:7938: gcc -c -g -O2  conftest.c >&5
configure:7938: $? = 0
configure:7938: result: yes
configure:7963: checking for dlfcn.h
configure:7963: gcc -c -g -O2  conftest.c >&5
configure:7963: $? = 0
configure:7963: result: yes
configure:8220: checking for objdir
configure:8236: result: .libs
configure:8500: checking if gcc supports -fno-rtti -fno-exceptions
configure:8519: gcc -c -g -O2  -fno-rtti -fno-exceptions conftest.c >&5
configure:8523: $? = 0
configure:8536: result: yes
configure:8894: checking for gcc option to produce PIC
configure:8902: result: -fno-common -DPIC
configure:8910: checking if gcc PIC flag -fno-common -DPIC works
configure:8929: gcc -c -g -O2  -fno-common -DPIC -DPIC conftest.c >&5
configure:8933: $? = 0
configure:8946: result: yes
configure:8975: checking if gcc static flag -static works
configure:9004: result: no
configure:9019: checking if gcc supports -c -o file.o
configure:9041: gcc -c -g -O2  -o out/conftest2.o conftest.c >&5
configure:9045: $? = 0
configure:9067: result: yes
configure:9075: checking if gcc supports -c -o file.o
configure:9123: result: yes
configure:9156: checking whether the gcc linker (/Library/Developer/CommandLineTools/usr/bin/ld) supports shared libraries
configure:10422: result: yes
configure:10663: checking dynamic linker characteristics
configure:11484: result: darwin20.3.0 dyld
configure:11606: checking how to hardcode library paths into programs
configure:11631: result: immediate
configure:12183: checking whether stripping libraries is possible
configure:12197: result: yes
configure:12223: checking if libtool supports shared libraries
configure:12225: result: yes
configure:12228: checking whether to build shared libraries
configure:12253: result: no
configure:12256: checking whether to build static libraries
configure:12260: result: yes
configure:12314: checking for a BSD-compatible install
configure:12387: result: /usr/bin/install -c
configure:12398: checking whether build environment is sane
configure:12453: result: yes
configure:12608: checking for a race-free mkdir -p
configure:12652: result: ./install-sh -c -d
configure:12655: checking whether make sets $(MAKE)
configure:12678: result: yes
configure:12700: checking whether make supports the include directive
configure:12715: make -f confmf.GNU && cat confinc.out
this is the am__doit target
configure:12718: $? = 0
configure:12737: result: yes (GNU style)
configure:12772: checking whether make supports nested variables
configure:12790: result: yes
configure:12871: checking dependency style of gcc
configure:12983: result: gcc3
configure:13127: checking for g++
configure:13148: found /usr/bin/g++
configure:13159: result: g++
configure:13186: checking for C++ compiler version
configure:13195: g++ --version >&5
Apple clang version 12.0.5 (clang-1205.0.22.9)
Target: arm64-apple-darwin20.3.0
Thread model: posix
InstalledDir: /Library/Developer/CommandLineTools/usr/bin
Configured with: --prefix=/Library/Developer/CommandLineTools/usr --with-gxx-include-dir=/Library/Developer/CommandLineTools/SDKs/MacOSX.sdk/usr/include/c++/4.2.1
configure:13206: $? = 0
configure:13195: g++ -v >&5
Configured with: --prefix=/Library/Developer/CommandLineTools/usr --with-gxx-include-dir=/Library/Developer/CommandLineTools/SDKs/MacOSX.sdk/usr/include/c++/4.2.1
Apple clang version 12.0.5 (clang-1205.0.22.9)
Target: arm64-apple-darwin20.3.0
Thread model: posix
InstalledDir: /Library/Developer/CommandLineTools/usr/bin
configure:13206: $? = 0
configure:13195: g++ -V >&5
clang: error: argument to '-V' is missing (expected 1 value)
clang: error: no input files
configure:13206: $? = 1
configure:13195: g++ -qversion >&5
clang: error: unknown argument '-qversion'; did you mean '--version'?
clang: error: no input files
configure:13206: $? = 1
configure:13210: checking whether the compiler supports GNU C++
configure:13230: g++ -c   conftest.cpp >&5
configure:13230: $? = 0
configure:13240: result: yes
configure:13251: checking whether g++ accepts -g
configure:13272: g++ -c -g  conftest.cpp >&5
configure:13272: $? = 0
configure:13316: result: yes
configure:13336: checking for g++ option to enable C++11 features
configure:13351: g++  -c -g -O2  conftest.cpp >&5
conftest.cpp:72:3: error: "Compiler does not advertise C++11 conformance"
# error "Compiler does not advertise C++11 conformance"
  ^
conftest.cpp:77:3: error: unknown type name 'constexpr'
  constexpr int get_val() { return 20; }
  ^
conftest.cpp:89:17: error: delegating constructors are permitted only in C++11
    delegate(): delegate(2354) {}
                ^~~~~~~~
conftest.cpp:100:26: warning: 'override' keyword is a C++11 extension [-Wc++11-extensions]
    virtual int getval() override final { return this->n * 2; }
                         ^
conftest.cpp:100:35: warning: 'final' keyword is a C++11 extension [-Wc++11-extensions]
    virtual int getval() override final { return this->n * 2; }
                                  ^
conftest.cpp:107:16: warning: defaulted function definitions are a C++11 extension [-Wc++11-extensions]
    nocopy() = default;
               ^
conftest.cpp:108:29: warning: deleted function definitions are a C++11 extension [-Wc++11-extensions]
    nocopy(const nocopy&) = delete;
                            ^
conftest.cpp:109:41: warning: deleted function definitions are a C++11 extension [-Wc++11-extensions]
    nocopy & operator=(const nocopy&) = delete;
                                        ^
conftest.cpp:121:25: warning: 'auto' type specifier is a C++11 extension [-Wc++11-extensions]
  template <typename V> auto sum(V first) -> V
                        ^
conftest.cpp:121:25: error: 'auto' not allowed in function return type
  template <typename V> auto sum(V first) -> V
                        ^~~~
conftest.cpp:121:42: error: expected ';' at end of declaration
  template <typename V> auto sum(V first) -> V
                                         ^
                                         ;
conftest.cpp:121:43: error: cannot use arrow operator on a type
  template <typename V> auto sum(V first) -> V
                                          ^
conftest.cpp:125:33: warning: variadic templates are a C++11 extension [-Wc++11-extensions]
  template <typename V, typename... Args> auto sum(V first, Args... rest) -> V
                                ^
conftest.cpp:125:43: warning: 'auto' type specifier is a C++11 extension [-Wc++11-extensions]
  template <typename V, typename... Args> auto sum(V first, Args... rest) -> V
                                          ^
conftest.cpp:125:43: error: 'auto' not allowed in function return type
  template <typename V, typename... Args> auto sum(V first, Args... rest) -> V
                                          ^~~~
conftest.cpp:125:74: error: expected ';' at end of declaration
  template <typename V, typename... Args> auto sum(V first, Args... rest) -> V
                                                                         ^
                                                                         ;
conftest.cpp:125:75: error: cannot use arrow operator on a type
  template <typename V, typename... Args> auto sum(V first, Args... rest) -> V
                                                                          ^
conftest.cpp:149:3: warning: 'auto' type specifier is a C++11 extension [-Wc++11-extensions]
  auto a1 = 6538;
  ^
conftest.cpp:150:3: warning: 'auto' type specifier is a C++11 extension [-Wc++11-extensions]
  auto a2 = 48573953.4;
  ^
conftest.cpp:151:3: warning: 'auto' type specifier is a C++11 extension [-Wc++11-extensions]
  auto a3 = "String literal";
  ^
conftest.cpp:154:8: warning: 'auto' type specifier is a C++11 extension [-Wc++11-extensions]
  for (auto i = a3; *i; ++i) { total += *i; }
       ^
conftest.cpp:170:8: warning: 'auto' type specifier is a C++11 extension [-Wc++11-extensions]
  for (auto &x : array) { x += 23; }
       ^
conftest.cpp:170:16: warning: range-based for loop is a C++11 extension [-Wc++11-extensions]
  for (auto &x : array) { x += 23; }
               ^
conftest.cpp:175:17: error: expected expression
  assert (eval ([](int x) { return x*2; }, 21) == 42);
                ^
conftest.cpp:177:17: error: expected expression
  assert (eval ([&](double x) { return d += x; }, 3.0) == 5.0);
                ^
conftest.cpp:179:17: error: expected expression
  assert (eval ([=](double x) mutable { return d += x; }, 4.0) == 9.0);
                ^
conftest.cpp:185:3: warning: 'auto' type specifier is a C++11 extension [-Wc++11-extensions]
  auto a = sum(1);
  ^
conftest.cpp:185:12: error: no matching function for call to 'sum'
  auto a = sum(1);
           ^~~
conftest.cpp:186:3: warning: 'auto' type specifier is a C++11 extension [-Wc++11-extensions]
  auto b = sum(1, 2);
  ^
conftest.cpp:186:12: error: no matching function for call to 'sum'
  auto b = sum(1, 2);
           ^~~
conftest.cpp:187:3: warning: 'auto' type specifier is a C++11 extension [-Wc++11-extensions]
  auto c = sum(1.0, 2.0, 3.0);
  ^
conftest.cpp:187:12: error: no matching function for call to 'sum'
  auto c = sum(1.0, 2.0, 3.0);
           ^~~
conftest.cpp:192:25: warning: empty parentheses interpreted as a function declaration [-Wvexing-parse]
  cxx11test::delegate d2();
                        ^~
conftest.cpp:192:25: note: remove parentheses to declare a variable
  cxx11test::delegate d2();
                        ^~
conftest.cpp:205:16: error: found '<::' after a template name which forms the digraph '<:' (aka '[') and a ':', did you mean '< ::'?
  test_template<::test_template<int>> v(test_template<int>(12));
               ^~~
               < ::
conftest.cpp:205:36: error: a space is required between consecutive right angle brackets (use '> >')
  test_template<::test_template<int>> v(test_template<int>(12));
                                   ^~
                                   > >
conftest.cpp:209:22: error: use of undeclared identifier 'u8'
  char const *utf8 = u8"UTF-8 string \u2500";
                     ^
conftest.cpp:209:24: error: expected ';' at end of declaration
  char const *utf8 = u8"UTF-8 string \u2500";
                       ^
                       ;
fatal error: too many errors emitted, stopping now [-ferror-limit=]
18 warnings and 20 errors generated.
configure:13351: $? = 1
configure: failed program was:
| /* confdefs.h */
| #define PACKAGE_NAME "SKETCH"
| #define PACKAGE_TARNAME "sketch"
| #define PACKAGE_VERSION "1.7.5"
| #define PACKAGE_STRING "SKETCH 1.7.5"
| #define PACKAGE_BUGREPORT "asolar@csail.mit.edu"
| #define PACKAGE_URL ""
| #define HAVE_STDIO_H 1
| #define HAVE_STDLIB_H 1
| #define HAVE_STRING_H 1
| #define HAVE_INTTYPES_H 1
| #define HAVE_STDINT_H 1
| #define HAVE_STRINGS_H 1
| #define HAVE_SYS_STAT_H 1
| #define HAVE_SYS_TYPES_H 1
| #define HAVE_UNISTD_H 1
| #define HAVE_SYS_TIME_H 1
| #define HAVE_SYS_SELECT_H 1
| #define HAVE_SYS_SOCKET_H 1
| #define STDC_HEADERS 1
| #define HAVE_DLFCN_H 1
| #define LT_OBJDIR ".libs/"
| #define PACKAGE "sketch"
| #define VERSION "1.7.5"
| /* end confdefs.h.  */
| 
| // Does the compiler advertise C++98 conformance?
| #if !defined __cplusplus || __cplusplus < 199711L
| # error "Compiler does not advertise C++98 conformance"
| #endif
| 
| // These inclusions are to reject old compilers that
| // lack the unsuffixed header files.
| #include <cstdlib>
| #include <exception>
| 
| // <cassert> and <cstring> are *not* freestanding headers in C++98.
| extern void assert (int);
| namespace std {
|   extern int strcmp (const char *, const char *);
| }
| 
| // Namespaces, exceptions, and templates were all added after "C++ 2.0".
| using std::exception;
| using std::strcmp;
| 
| namespace {
| 
| void test_exception_syntax()
| {
|   try {
|     throw "test";
|   } catch (const char *s) {
|     // Extra parentheses suppress a warning when building autoconf itself,
|     // due to lint rules shared with more typical C programs.
|     assert (!(strcmp) (s, "test"));
|   }
| }
| 
| template <typename T> struct test_template
| {
|   T const val;
|   explicit test_template(T t) : val(t) {}
|   template <typename U> T add(U u) { return static_cast<T>(u) + val; }
| };
| 
| } // anonymous namespace
| 
| 
| // Does the compiler advertise C++ 2011 conformance?
| #if !defined __cplusplus || __cplusplus < 201103L
| # error "Compiler does not advertise C++11 conformance"
| #endif
| 
| namespace cxx11test
| {
|   constexpr int get_val() { return 20; }
| 
|   struct testinit
|   {
|     int i;
|     double d;
|   };
| 
|   class delegate
|   {
|   public:
|     delegate(int n) : n(n) {}
|     delegate(): delegate(2354) {}
| 
|     virtual int getval() { return this->n; };
|   protected:
|     int n;
|   };
| 
|   class overridden : public delegate
|   {
|   public:
|     overridden(int n): delegate(n) {}
|     virtual int getval() override final { return this->n * 2; }
|   };
| 
|   class nocopy
|   {
|   public:
|     nocopy(int i): i(i) {}
|     nocopy() = default;
|     nocopy(const nocopy&) = delete;
|     nocopy & operator=(const nocopy&) = delete;
|   private:
|     int i;
|   };
| 
|   // for testing lambda expressions
|   template <typename Ret, typename Fn> Ret eval(Fn f, Ret v)
|   {
|     return f(v);
|   }
| 
|   // for testing variadic templates and trailing return types
|   template <typename V> auto sum(V first) -> V
|   {
|     return first;
|   }
|   template <typename V, typename... Args> auto sum(V first, Args... rest) -> V
|   {
|     return first + sum(rest...);
|   }
| }
| 
| 
| int
| main (int argc, char **argv)
| {
|   int ok = 0;
|   
|   assert (argc);
|   assert (! argv[0]);
| {
|   test_exception_syntax ();
|   test_template<double> tt (2.0);
|   assert (tt.add (4) == 6.0);
|   assert (true && !false);
| }
| 
|   
| {
|   // Test auto and decltype
|   auto a1 = 6538;
|   auto a2 = 48573953.4;
|   auto a3 = "String literal";
| 
|   int total = 0;
|   for (auto i = a3; *i; ++i) { total += *i; }
| 
|   decltype(a2) a4 = 34895.034;
| }
| {
|   // Test constexpr
|   short sa[cxx11test::get_val()] = { 0 };
| }
| {
|   // Test initializer lists
|   cxx11test::testinit il = { 4323, 435234.23544 };
| }
| {
|   // Test range-based for
|   int array[] = {9, 7, 13, 15, 4, 18, 12, 10, 5, 3,
|                  14, 19, 17, 8, 6, 20, 16, 2, 11, 1};
|   for (auto &x : array) { x += 23; }
| }
| {
|   // Test lambda expressions
|   using cxx11test::eval;
|   assert (eval ([](int x) { return x*2; }, 21) == 42);
|   double d = 2.0;
|   assert (eval ([&](double x) { return d += x; }, 3.0) == 5.0);
|   assert (d == 5.0);
|   assert (eval ([=](double x) mutable { return d += x; }, 4.0) == 9.0);
|   assert (d == 5.0);
| }
| {
|   // Test use of variadic templates
|   using cxx11test::sum;
|   auto a = sum(1);
|   auto b = sum(1, 2);
|   auto c = sum(1.0, 2.0, 3.0);
| }
| {
|   // Test constructor delegation
|   cxx11test::delegate d1;
|   cxx11test::delegate d2();
|   cxx11test::delegate d3(45);
| }
| {
|   // Test override and final
|   cxx11test::overridden o1(55464);
| }
| {
|   // Test nullptr
|   char *c = nullptr;
| }
| {
|   // Test template brackets
|   test_template<::test_template<int>> v(test_template<int>(12));
| }
| {
|   // Unicode literals
|   char const *utf8 = u8"UTF-8 string \u2500";
|   char16_t const *utf16 = u"UTF-8 string \u2500";
|   char32_t const *utf32 = U"UTF-32 string \u2500";
| }
| 
|   return ok;
| }
| 
configure:13369: result: none needed
configure:13451: checking how to run the C++ preprocessor
configure:13473: g++ -E  conftest.cpp
configure:13473: $? = 0
configure:13488: g++ -E  conftest.cpp
conftest.cpp:26:10: fatal error: 'ac_nonexistent.h' file not found
#include <ac_nonexistent.h>
         ^~~~~~~~~~~~~~~~~~
1 error generated.
configure:13488: $? = 1
configure: failed program was:
| /* confdefs.h */
| #define PACKAGE_NAME "SKETCH"
| #define PACKAGE_TARNAME "sketch"
| #define PACKAGE_VERSION "1.7.5"
| #define PACKAGE_STRING "SKETCH 1.7.5"
| #define PACKAGE_BUGREPORT "asolar@csail.mit.edu"
| #define PACKAGE_URL ""
| #define HAVE_STDIO_H 1
| #define HAVE_STDLIB_H 1
| #define HAVE_STRING_H 1
| #define HAVE_INTTYPES_H 1
| #define HAVE_STDINT_H 1
| #define HAVE_STRINGS_H 1
| #define HAVE_SYS_STAT_H 1
| #define HAVE_SYS_TYPES_H 1
| #define HAVE_UNISTD_H 1
| #define HAVE_SYS_TIME_H 1
| #define HAVE_SYS_SELECT_H 1
| #define HAVE_SYS_SOCKET_H 1
| #define STDC_HEADERS 1
| #define HAVE_DLFCN_H 1
| #define LT_OBJDIR ".libs/"
| #define PACKAGE "sketch"
| #define VERSION "1.7.5"
| /* end confdefs.h.  */
| #include <ac_nonexistent.h>
configure:13515: result: g++ -E
configure:13529: g++ -E  conftest.cpp
configure:13529: $? = 0
configure:13544: g++ -E  conftest.cpp
conftest.cpp:26:10: fatal error: 'ac_nonexistent.h' file not found
#include <ac_nonexistent.h>
         ^~~~~~~~~~~~~~~~~~
1 error generated.
configure:13544: $? = 1
configure: failed program was:
| /* confdefs.h */
| #define PACKAGE_NAME "SKETCH"
| #define PACKAGE_TARNAME "sketch"
| #define PACKAGE_VERSION "1.7.5"
| #define PACKAGE_STRING "SKETCH 1.7.5"
| #define PACKAGE_BUGREPORT "asolar@csail.mit.edu"
| #define PACKAGE_URL ""
| #define HAVE_STDIO_H 1
| #define HAVE_STDLIB_H 1
| #define HAVE_STRING_H 1
| #define HAVE_INTTYPES_H 1
| #define HAVE_STDINT_H 1
| #define HAVE_STRINGS_H 1
| #define HAVE_SYS_STAT_H 1
| #define HAVE_SYS_TYPES_H 1
| #define HAVE_UNISTD_H 1
| #define HAVE_SYS_TIME_H 1
| #define HAVE_SYS_SELECT_H 1
| #define HAVE_SYS_SOCKET_H 1
| #define STDC_HEADERS 1
| #define HAVE_DLFCN_H 1
| #define LT_OBJDIR ".libs/"
| #define PACKAGE "sketch"
| #define VERSION "1.7.5"
| /* end confdefs.h.  */
| #include <ac_nonexistent.h>
configure:13709: checking for ld used by g++
configure:13777: result: /Library/Developer/CommandLineTools/usr/bin/ld
configure:13784: checking if the linker (/Library/Developer/CommandLineTools/usr/bin/ld) is GNU ld
configure:13800: result: no
configure:13855: checking whether the g++ linker (/Library/Developer/CommandLineTools/usr/bin/ld) supports shared libraries
configure:14932: result: yes
configure:14968: g++ -c -g -O2  conftest.cpp >&5
configure:14971: $? = 0
configure:15452: checking for g++ option to produce PIC
configure:15460: result: -fno-common -DPIC
configure:15468: checking if g++ PIC flag -fno-common -DPIC works
configure:15487: g++ -c -g -O2  -fno-common -DPIC -DPIC conftest.cpp >&5
configure:15491: $? = 0
configure:15504: result: yes
configure:15527: checking if g++ static flag -static works
configure:15556: result: no
configure:15568: checking if g++ supports -c -o file.o
configure:15590: g++ -c -g -O2  -o out/conftest2.o conftest.cpp >&5
configure:15594: $? = 0
configure:15616: result: yes
configure:15621: checking if g++ supports -c -o file.o
configure:15669: result: yes
configure:15699: checking whether the g++ linker (/Library/Developer/CommandLineTools/usr/bin/ld) supports shared libraries
configure:15739: result: yes
configure:15881: checking dynamic linker characteristics
configure:16629: result: darwin20.3.0 dyld
configure:16694: checking how to hardcode library paths into programs
configure:16719: result: immediate
configure:16761: checking dependency style of g++
configure:16873: result: gcc3
configure:16896: checking for bison
configure:16917: found /usr/bin/bison
configure:16928: result: bison -y
configure:16997: checking for gcc
configure:17029: result: gcc
configure:17382: checking for C compiler version
configure:17391: gcc --version >&5
Apple clang version 12.0.5 (clang-1205.0.22.9)
Target: arm64-apple-darwin20.3.0
Thread model: posix
InstalledDir: /Library/Developer/CommandLineTools/usr/bin
Configured with: --prefix=/Library/Developer/CommandLineTools/usr --with-gxx-include-dir=/Library/Developer/CommandLineTools/SDKs/MacOSX.sdk/usr/include/c++/4.2.1
configure:17402: $? = 0
configure:17391: gcc -v >&5
Configured with: --prefix=/Library/Developer/CommandLineTools/usr --with-gxx-include-dir=/Library/Developer/CommandLineTools/SDKs/MacOSX.sdk/usr/include/c++/4.2.1
Apple clang version 12.0.5 (clang-1205.0.22.9)
Target: arm64-apple-darwin20.3.0
Thread model: posix
InstalledDir: /Library/Developer/CommandLineTools/usr/bin
configure:17402: $? = 0
configure:17391: gcc -V >&5
clang: error: argument to '-V' is missing (expected 1 value)
clang: error: no input files
configure:17402: $? = 1
configure:17391: gcc -qversion >&5
clang: error: unknown argument '-qversion'; did you mean '--version'?
clang: error: no input files
configure:17402: $? = 1
configure:17391: gcc -version >&5
clang: error: unknown argument '-version'; did you mean '--version'?
clang: error: no input files
configure:17402: $? = 1
configure:17406: checking whether the compiler supports GNU C
configure:17436: result: yes
configure:17447: checking whether gcc accepts -g
configure:17512: result: yes
configure:17532: checking for gcc option to enable C11 features
configure:17565: result: none needed
configure:17681: checking whether gcc understands -c and -o together
configure:17719: result: yes
configure:17742: checking how to run the C preprocessor
configure:17768: gcc -E  conftest.c
configure:17768: $? = 0
configure:17783: gcc -E  conftest.c
conftest.c:26:10: fatal error: 'ac_nonexistent.h' file not found
#include <ac_nonexistent.h>
         ^~~~~~~~~~~~~~~~~~
1 error generated.
configure:17783: $? = 1
configure: failed program was:
| /* confdefs.h */
| #define PACKAGE_NAME "SKETCH"
| #define PACKAGE_TARNAME "sketch"
| #define PACKAGE_VERSION "1.7.5"
| #define PACKAGE_STRING "SKETCH 1.7.5"
| #define PACKAGE_BUGREPORT "asolar@csail.mit.edu"
| #define PACKAGE_URL ""
| #define HAVE_STDIO_H 1
| #define HAVE_STDLIB_H 1
| #define HAVE_STRING_H 1
| #define HAVE_INTTYPES_H 1
| #define HAVE_STDINT_H 1
| #define HAVE_STRINGS_H 1
| #define HAVE_SYS_STAT_H 1
| #define HAVE_SYS_TYPES_H 1
| #define HAVE_UNISTD_H 1
| #define HAVE_SYS_TIME_H 1
| #define HAVE_SYS_SELECT_H 1
| #define HAVE_SYS_SOCKET_H 1
| #define STDC_HEADERS 1
| #define HAVE_DLFCN_H 1
| #define LT_OBJDIR ".libs/"
| #define PACKAGE "sketch"
| #define VERSION "1.7.5"
| /* end confdefs.h.  */
| #include <ac_nonexistent.h>
configure:17810: result: gcc -E
configure:17824: gcc -E  conftest.c
configure:17824: $? = 0
configure:17839: gcc -E  conftest.c
conftest.c:26:10: fatal error: 'ac_nonexistent.h' file not found
#include <ac_nonexistent.h>
         ^~~~~~~~~~~~~~~~~~
1 error generated.
configure:17839: $? = 1
configure: failed program was:
| /* confdefs.h */
| #define PACKAGE_NAME "SKETCH"
| #define PACKAGE_TARNAME "sketch"
| #define PACKAGE_VERSION "1.7.5"
| #define PACKAGE_STRING "SKETCH 1.7.5"
| #define PACKAGE_BUGREPORT "asolar@csail.mit.edu"
| #define PACKAGE_URL ""
| #define HAVE_STDIO_H 1
| #define HAVE_STDLIB_H 1
| #define HAVE_STRING_H 1
| #define HAVE_INTTYPES_H 1
| #define HAVE_STDINT_H 1
| #define HAVE_STRINGS_H 1
| #define HAVE_SYS_STAT_H 1
| #define HAVE_SYS_TYPES_H 1
| #define HAVE_UNISTD_H 1
| #define HAVE_SYS_TIME_H 1
| #define HAVE_SYS_SELECT_H 1
| #define HAVE_SYS_SOCKET_H 1
| #define STDC_HEADERS 1
| #define HAVE_DLFCN_H 1
| #define LT_OBJDIR ".libs/"
| #define PACKAGE "sketch"
| #define VERSION "1.7.5"
| /* end confdefs.h.  */
| #include <ac_nonexistent.h>
configure:17873: checking for flex
configure:17894: found /usr/bin/flex
configure:17905: result: flex
configure:17954: checking for lex output file root
configure:17967: flex conftest.l
configure:17971: $? = 0
configure:17979: result: lex.yy
configure:17994: checking for lex library
configure:18019: gcc -o conftest -g -O2   conftest.c  >&5
configure:18019: $? = 0
configure:18032: result: none needed
configure:18047: checking for library containing yywrap
configure:18077: gcc -o conftest -g -O2   conftest.c  >&5
Undefined symbols for architecture arm64:
  "_yywrap", referenced from:
      _main in conftest-d7d9d4.o
ld: symbol(s) not found for architecture arm64
clang: error: linker command failed with exit code 1 (use -v to see invocation)
configure:18077: $? = 1
configure: failed program was:
| /* confdefs.h */
| #define PACKAGE_NAME "SKETCH"
| #define PACKAGE_TARNAME "sketch"
| #define PACKAGE_VERSION "1.7.5"
| #define PACKAGE_STRING "SKETCH 1.7.5"
| #define PACKAGE_BUGREPORT "asolar@csail.mit.edu"
| #define PACKAGE_URL ""
| #define HAVE_STDIO_H 1
| #define HAVE_STDLIB_H 1
| #define HAVE_STRING_H 1
| #define HAVE_INTTYPES_H 1
| #define HAVE_STDINT_H 1
| #define HAVE_STRINGS_H 1
| #define HAVE_SYS_STAT_H 1
| #define HAVE_SYS_TYPES_H 1
| #define HAVE_UNISTD_H 1
| #define HAVE_SYS_TIME_H 1
| #define HAVE_SYS_SELECT_H 1
| #define HAVE_SYS_SOCKET_H 1
| #define STDC_HEADERS 1
| #define HAVE_DLFCN_H 1
| #define LT_OBJDIR ".libs/"
| #define PACKAGE "sketch"
| #define VERSION "1.7.5"
| /* end confdefs.h.  */
| 
| /* Override any GCC internal prototype to avoid an error.
|    Use char because int might match the return type of a GCC
|    builtin and then its argument prototype would still apply.  */
| char yywrap ();
| int
| main (void)
| {
| return yywrap ();
|   ;
|   return 0;
| }
configure:18077: gcc -o conftest -g -O2   conftest.c -lfl   >&5
ld: library not found for -lfl
clang: error: linker command failed with exit code 1 (use -v to see invocation)
configure:18077: $? = 1
configure: failed program was:
| /* confdefs.h */
| #define PACKAGE_NAME "SKETCH"
| #define PACKAGE_TARNAME "sketch"
| #define PACKAGE_VERSION "1.7.5"
| #define PACKAGE_STRING "SKETCH 1.7.5"
| #define PACKAGE_BUGREPORT "asolar@csail.mit.edu"
| #define PACKAGE_URL ""
| #define HAVE_STDIO_H 1
| #define HAVE_STDLIB_H 1
| #define HAVE_STRING_H 1
| #define HAVE_INTTYPES_H 1
| #define HAVE_STDINT_H 1
| #define HAVE_STRINGS_H 1
| #define HAVE_SYS_STAT_H 1
| #define HAVE_SYS_TYPES_H 1
| #define HAVE_UNISTD_H 1
| #define HAVE_SYS_TIME_H 1
| #define HAVE_SYS_SELECT_H 1
| #define HAVE_SYS_SOCKET_H 1
| #define STDC_HEADERS 1
| #define HAVE_DLFCN_H 1
| #define LT_OBJDIR ".libs/"
| #define PACKAGE "sketch"
| #define VERSION "1.7.5"
| /* end confdefs.h.  */
| 
| /* Override any GCC internal prototype to avoid an error.
|    Use char because int might match the return type of a GCC
|    builtin and then its argument prototype would still apply.  */
| char yywrap ();
| int
| main (void)
| {
| return yywrap ();
|   ;
|   return 0;
| }
configure:18077: gcc -o conftest -g -O2   conftest.c -ll   >&5
ld: warning: object file (/Library/Developer/CommandLineTools/SDKs/MacOSX.sdk/usr/lib/libl.a(libyywrap.o)) was built for newer macOS version (11.3) than being linked (11.0)
configure:18077: $? = 0
configure:18097: result: -ll
configure:18113: checking whether yytext is a pointer
configure:18129: gcc -c -g -O2  conftest.c >&5
configure:18129: $? = 0
configure:18136: result: yes
configure:18153: checking whether make sets $(MAKE)
configure:18176: result: yes
configure:18190: checking for library containing pthread_create
configure:18220: gcc -o conftest -g -O2   conftest.c  >&5
configure:18220: $? = 0
configure:18240: result: none required
configure:18249: checking for library containing clock_gettime
configure:18279: gcc -o conftest -g -O2   conftest.c  >&5
configure:18279: $? = 0
configure:18299: result: none required
configure:18313: checking for size_t
configure:18313: gcc -c -g -O2  conftest.c >&5
configure:18313: $? = 0
configure:18313: gcc -c -g -O2  conftest.c >&5
conftest.c:58:21: error: expected expression
if (sizeof ((size_t)))
                    ^
1 error generated.
configure:18313: $? = 1
configure: failed program was:
| /* confdefs.h */
| #define PACKAGE_NAME "SKETCH"
| #define PACKAGE_TARNAME "sketch"
| #define PACKAGE_VERSION "1.7.5"
| #define PACKAGE_STRING "SKETCH 1.7.5"
| #define PACKAGE_BUGREPORT "asolar@csail.mit.edu"
| #define PACKAGE_URL ""
| #define HAVE_STDIO_H 1
| #define HAVE_STDLIB_H 1
| #define HAVE_STRING_H 1
| #define HAVE_INTTYPES_H 1
| #define HAVE_STDINT_H 1
| #define HAVE_STRINGS_H 1
| #define HAVE_SYS_STAT_H 1
| #define HAVE_SYS_TYPES_H 1
| #define HAVE_UNISTD_H 1
| #define HAVE_SYS_TIME_H 1
| #define HAVE_SYS_SELECT_H 1
| #define HAVE_SYS_SOCKET_H 1
| #define STDC_HEADERS 1
| #define HAVE_DLFCN_H 1
| #define LT_OBJDIR ".libs/"
| #define PACKAGE "sketch"
| #define VERSION "1.7.5"
| #define YYTEXT_POINTER 1
| /* end confdefs.h.  */
| #include <stddef.h>
| #ifdef HAVE_STDIO_H
| # include <stdio.h>
| #endif
| #ifdef HAVE_STDLIB_H
| # include <stdlib.h>
| #endif
| #ifdef HAVE_STRING_H
| # include <string.h>
| #endif
| #ifdef HAVE_INTTYPES_H
| # include <inttypes.h>
| #endif
| #ifdef HAVE_STDINT_H
| # include <stdint.h>
| #endif
| #ifdef HAVE_STRINGS_H
| # include <strings.h>
| #endif
| #ifdef HAVE_SYS_TYPES_H
| # include <sys/types.h>
| #endif
| #ifdef HAVE_SYS_STAT_H
| # include <sys/stat.h>
| #endif
| #ifdef HAVE_UNISTD_H
| # include <unistd.h>
| #endif
| int
| main (void)
| {
| if (sizeof ((size_t)))
| 	    return 0;
|   ;
|   return 0;
| }
configure:18313: result: yes
configure:18325: checking for working alloca.h
configure:18343: gcc -o conftest -g -O2   conftest.c  >&5
configure:18343: $? = 0
configure:18352: result: yes
configure:18360: checking for alloca
configure:18405: result: yes
configure:18475: checking for dirent.h that defines DIR
configure:18495: gcc -c -g -O2  conftest.c >&5
configure:18495: $? = 0
configure:18504: result: yes
configure:18518: checking for library containing opendir
configure:18548: gcc -o conftest -g -O2   conftest.c  >&5
configure:18548: $? = 0
configure:18568: result: none required
configure:18642: checking for egrep
configure:18710: result: /usr/bin/grep -E
configure:18716: checking for fcntl.h
configure:18716: gcc -c -g -O2  conftest.c >&5
configure:18716: $? = 0
configure:18716: result: yes
configure:18722: checking for float.h
configure:18722: gcc -c -g -O2  conftest.c >&5
configure:18722: $? = 0
configure:18722: result: yes
configure:18728: checking for inttypes.h
configure:18728: result: yes
configure:18734: checking for libintl.h
configure:18734: gcc -c -g -O2  conftest.c >&5
conftest.c:61:10: fatal error: 'libintl.h' file not found
#include <libintl.h>
         ^~~~~~~~~~~
1 error generated.
configure:18734: $? = 1
configure: failed program was:
| /* confdefs.h */
| #define PACKAGE_NAME "SKETCH"
| #define PACKAGE_TARNAME "sketch"
| #define PACKAGE_VERSION "1.7.5"
| #define PACKAGE_STRING "SKETCH 1.7.5"
| #define PACKAGE_BUGREPORT "asolar@csail.mit.edu"
| #define PACKAGE_URL ""
| #define HAVE_STDIO_H 1
| #define HAVE_STDLIB_H 1
| #define HAVE_STRING_H 1
| #define HAVE_INTTYPES_H 1
| #define HAVE_STDINT_H 1
| #define HAVE_STRINGS_H 1
| #define HAVE_SYS_STAT_H 1
| #define HAVE_SYS_TYPES_H 1
| #define HAVE_UNISTD_H 1
| #define HAVE_SYS_TIME_H 1
| #define HAVE_SYS_SELECT_H 1
| #define HAVE_SYS_SOCKET_H 1
| #define STDC_HEADERS 1
| #define HAVE_DLFCN_H 1
| #define LT_OBJDIR ".libs/"
| #define PACKAGE "sketch"
| #define VERSION "1.7.5"
| #define YYTEXT_POINTER 1
| #define HAVE_ALLOCA_H 1
| #define HAVE_ALLOCA 1
| #define HAVE_DIRENT_H 1
| #define HAVE_FCNTL_H 1
| #define HAVE_FLOAT_H 1
| #define HAVE_INTTYPES_H 1
| /* end confdefs.h.  */
| #include <stddef.h>
| #ifdef HAVE_STDIO_H
| # include <stdio.h>
| #endif
| #ifdef HAVE_STDLIB_H
| # include <stdlib.h>
| #endif
| #ifdef HAVE_STRING_H
| # include <string.h>
| #endif
| #ifdef HAVE_INTTYPES_H
| # include <inttypes.h>
| #endif
| #ifdef HAVE_STDINT_H
| # include <stdint.h>
| #endif
| #ifdef HAVE_STRINGS_H
| # include <strings.h>
| #endif
| #ifdef HAVE_SYS_TYPES_H
| # include <sys/types.h>
| #endif
| #ifdef HAVE_SYS_STAT_H
| # include <sys/stat.h>
| #endif
| #ifdef HAVE_UNISTD_H
| # include <unistd.h>
| #endif
| #include <libintl.h>
configure:18734: result: no
configure:18740: checking for limits.h
configure:18740: gcc -c -g -O2  conftest.c >&5
configure:18740: $? = 0
configure:18740: result: yes
configure:18746: checking for malloc.h
configure:18746: gcc -c -g -O2  conftest.c >&5
conftest.c:62:10: fatal error: 'malloc.h' file not found
#include <malloc.h>
         ^~~~~~~~~~
1 error generated.
configure:18746: $? = 1
configure: failed program was:
| /* confdefs.h */
| #define PACKAGE_NAME "SKETCH"
| #define PACKAGE_TARNAME "sketch"
| #define PACKAGE_VERSION "1.7.5"
| #define PACKAGE_STRING "SKETCH 1.7.5"
| #define PACKAGE_BUGREPORT "asolar@csail.mit.edu"
| #define PACKAGE_URL ""
| #define HAVE_STDIO_H 1
| #define HAVE_STDLIB_H 1
| #define HAVE_STRING_H 1
| #define HAVE_INTTYPES_H 1
| #define HAVE_STDINT_H 1
| #define HAVE_STRINGS_H 1
| #define HAVE_SYS_STAT_H 1
| #define HAVE_SYS_TYPES_H 1
| #define HAVE_UNISTD_H 1
| #define HAVE_SYS_TIME_H 1
| #define HAVE_SYS_SELECT_H 1
| #define HAVE_SYS_SOCKET_H 1
| #define STDC_HEADERS 1
| #define HAVE_DLFCN_H 1
| #define LT_OBJDIR ".libs/"
| #define PACKAGE "sketch"
| #define VERSION "1.7.5"
| #define YYTEXT_POINTER 1
| #define HAVE_ALLOCA_H 1
| #define HAVE_ALLOCA 1
| #define HAVE_DIRENT_H 1
| #define HAVE_FCNTL_H 1
| #define HAVE_FLOAT_H 1
| #define HAVE_INTTYPES_H 1
| #define HAVE_LIMITS_H 1
| /* end confdefs.h.  */
| #include <stddef.h>
| #ifdef HAVE_STDIO_H
| # include <stdio.h>
| #endif
| #ifdef HAVE_STDLIB_H
| # include <stdlib.h>
| #endif
| #ifdef HAVE_STRING_H
| # include <string.h>
| #endif
| #ifdef HAVE_INTTYPES_H
| # include <inttypes.h>
| #endif
| #ifdef HAVE_STDINT_H
| # include <stdint.h>
| #endif
| #ifdef HAVE_STRINGS_H
| # include <strings.h>
| #endif
| #ifdef HAVE_SYS_TYPES_H
| # include <sys/types.h>
| #endif
| #ifdef HAVE_SYS_STAT_H
| # include <sys/stat.h>
| #endif
| #ifdef HAVE_UNISTD_H
| # include <unistd.h>
| #endif
| #include <malloc.h>
configure:18746: result: no
configure:18752: checking for stddef.h
configure:18752: gcc -c -g -O2  conftest.c >&5
configure:18752: $? = 0
configure:18752: result: yes
configure:18758: checking for stdlib.h
configure:18758: result: yes
configure:18764: checking for string.h
configure:18764: result: yes
configure:18770: checking for strings.h
configure:18770: result: yes
configure:18776: checking for sys/time.h
configure:18776: result: yes
configure:18782: checking for sys/resource.h
configure:18782: gcc -c -g -O2  conftest.c >&5
configure:18782: $? = 0
configure:18782: result: yes
configure:18788: checking for unistd.h
configure:18788: result: yes
configure:18797: checking for _Bool
configure:18797: gcc -c -g -O2  conftest.c >&5
configure:18797: $? = 0
configure:18797: gcc -c -g -O2  conftest.c >&5
conftest.c:72:20: error: expected expression
if (sizeof ((_Bool)))
                   ^
1 error generated.
configure:18797: $? = 1
configure: failed program was:
| /* confdefs.h */
| #define PACKAGE_NAME "SKETCH"
| #define PACKAGE_TARNAME "sketch"
| #define PACKAGE_VERSION "1.7.5"
| #define PACKAGE_STRING "SKETCH 1.7.5"
| #define PACKAGE_BUGREPORT "asolar@csail.mit.edu"
| #define PACKAGE_URL ""
| #define HAVE_STDIO_H 1
| #define HAVE_STDLIB_H 1
| #define HAVE_STRING_H 1
| #define HAVE_INTTYPES_H 1
| #define HAVE_STDINT_H 1
| #define HAVE_STRINGS_H 1
| #define HAVE_SYS_STAT_H 1
| #define HAVE_SYS_TYPES_H 1
| #define HAVE_UNISTD_H 1
| #define HAVE_SYS_TIME_H 1
| #define HAVE_SYS_SELECT_H 1
| #define HAVE_SYS_SOCKET_H 1
| #define STDC_HEADERS 1
| #define HAVE_DLFCN_H 1
| #define LT_OBJDIR ".libs/"
| #define PACKAGE "sketch"
| #define VERSION "1.7.5"
| #define YYTEXT_POINTER 1
| #define HAVE_ALLOCA_H 1
| #define HAVE_ALLOCA 1
| #define HAVE_DIRENT_H 1
| #define HAVE_FCNTL_H 1
| #define HAVE_FLOAT_H 1
| #define HAVE_INTTYPES_H 1
| #define HAVE_LIMITS_H 1
| #define HAVE_STDDEF_H 1
| #define HAVE_STDLIB_H 1
| #define HAVE_STRING_H 1
| #define HAVE_STRINGS_H 1
| #define HAVE_SYS_TIME_H 1
| #define HAVE_SYS_RESOURCE_H 1
| #define HAVE_UNISTD_H 1
| /* end confdefs.h.  */
| #include <stddef.h>
| #ifdef HAVE_STDIO_H
| # include <stdio.h>
| #endif
| #ifdef HAVE_STDLIB_H
| # include <stdlib.h>
| #endif
| #ifdef HAVE_STRING_H
| # include <string.h>
| #endif
| #ifdef HAVE_INTTYPES_H
| # include <inttypes.h>
| #endif
| #ifdef HAVE_STDINT_H
| # include <stdint.h>
| #endif
| #ifdef HAVE_STRINGS_H
| # include <strings.h>
| #endif
| #ifdef HAVE_SYS_TYPES_H
| # include <sys/types.h>
| #endif
| #ifdef HAVE_SYS_STAT_H
| # include <sys/stat.h>
| #endif
| #ifdef HAVE_UNISTD_H
| # include <unistd.h>
| #endif
| int
| main (void)
| {
| if (sizeof ((_Bool)))
| 	    return 0;
|   ;
|   return 0;
| }
configure:18797: result: yes
configure:18806: checking for stdbool.h that conforms to C99
configure:18922: gcc -c -g -O2  conftest.c >&5
conftest.c:127:25: warning: address of 's' will always evaluate to 'true' [-Wpointer-bool-conversion]
             bool ps = &s;
                  ~~    ^
conftest.c:132:28: warning: address of 't' will always evaluate to 'true' [-Wpointer-bool-conversion]
               _Bool pt = &t;
                     ~~    ^
conftest.c:142:55: warning: address of array 'y' will always evaluate to 'true' [-Wpointer-bool-conversion]
                                                     ~^
conftest.c:142:50: warning: address of array 'x' will always evaluate to 'true' [-Wpointer-bool-conversion]
                                                ~^
conftest.c:142:45: warning: address of array 'w' will always evaluate to 'true' [-Wpointer-bool-conversion]
                                           ~^
conftest.c:142:40: warning: address of array 'v' will always evaluate to 'true' [-Wpointer-bool-conversion]
                                      ~^
conftest.c:142:35: warning: address of array 'u' will always evaluate to 'true' [-Wpointer-bool-conversion]
                                 ~^
conftest.c:142:30: warning: address of array 'r' will always evaluate to 'true' [-Wpointer-bool-conversion]
                            ~^
conftest.c:142:25: warning: address of array 'q' will always evaluate to 'true' [-Wpointer-bool-conversion]
                       ~^
conftest.c:140:40: warning: address of array 'o' will always evaluate to 'true' [-Wpointer-bool-conversion]
                                      ~^
conftest.c:140:35: warning: address of array 'n' will always evaluate to 'true' [-Wpointer-bool-conversion]
                                 ~^
conftest.c:140:30: warning: address of array 'm' will always evaluate to 'true' [-Wpointer-bool-conversion]
                            ~^
conftest.c:140:25: warning: address of array 'l' will always evaluate to 'true' [-Wpointer-bool-conversion]
                       ~^
conftest.c:139:73: warning: address of array 'k' will always evaluate to 'true' [-Wpointer-bool-conversion]
             return (!a + !b + !c + !d + !e + !f + !g + !h + !i + !j + !k
                                                                       ~^
conftest.c:139:68: warning: address of array 'j' will always evaluate to 'true' [-Wpointer-bool-conversion]
             return (!a + !b + !c + !d + !e + !f + !g + !h + !i + !j + !k
                                                                  ~^
conftest.c:139:63: warning: address of array 'i' will always evaluate to 'true' [-Wpointer-bool-conversion]
             return (!a + !b + !c + !d + !e + !f + !g + !h + !i + !j + !k
                                                             ~^
conftest.c:139:38: warning: address of array 'd' will always evaluate to 'true' [-Wpointer-bool-conversion]
             return (!a + !b + !c + !d + !e + !f + !g + !h + !i + !j + !k
                                    ~^
conftest.c:139:33: warning: address of array 'c' will always evaluate to 'true' [-Wpointer-bool-conversion]
             return (!a + !b + !c + !d + !e + !f + !g + !h + !i + !j + !k
                               ~^
conftest.c:139:28: warning: address of array 'b' will always evaluate to 'true' [-Wpointer-bool-conversion]
             return (!a + !b + !c + !d + !e + !f + !g + !h + !i + !j + !k
                          ~^
conftest.c:139:23: warning: address of array 'a' will always evaluate to 'true' [-Wpointer-bool-conversion]
             return (!a + !b + !c + !d + !e + !f + !g + !h + !i + !j + !k
                     ~^
20 warnings generated.
configure:18922: $? = 0
configure:18930: result: yes
configure:18939: checking for an ANSI C-conforming const
configure:19006: gcc -c -g -O2  conftest.c >&5
configure:19006: $? = 0
configure:19014: result: yes
configure:19022: checking for inline
configure:19039: gcc -c -g -O2  conftest.c >&5
configure:19039: $? = 0
configure:19048: result: inline
configure:19066: checking for int16_t
configure:19066: gcc -c -g -O2  conftest.c >&5
configure:19066: $? = 0
configure:19066: gcc -c -g -O2  conftest.c >&5
conftest.c:75:24: error: 'test_array' declared as an array with a negative size
static int test_array [1 - 2 * !((int16_t) (((((int16_t) 1 << N) << N) - 1) * 2 + 1)
                       ^~~~~~~~~~~~~~~~~~~~~~~~~~~~~~~~~~~~~~~~~~~~~~~~~~~~~~~~~~~~~
1 error generated.
configure:19066: $? = 1
configure: failed program was:
| /* confdefs.h */
| #define PACKAGE_NAME "SKETCH"
| #define PACKAGE_TARNAME "sketch"
| #define PACKAGE_VERSION "1.7.5"
| #define PACKAGE_STRING "SKETCH 1.7.5"
| #define PACKAGE_BUGREPORT "asolar@csail.mit.edu"
| #define PACKAGE_URL ""
| #define HAVE_STDIO_H 1
| #define HAVE_STDLIB_H 1
| #define HAVE_STRING_H 1
| #define HAVE_INTTYPES_H 1
| #define HAVE_STDINT_H 1
| #define HAVE_STRINGS_H 1
| #define HAVE_SYS_STAT_H 1
| #define HAVE_SYS_TYPES_H 1
| #define HAVE_UNISTD_H 1
| #define HAVE_SYS_TIME_H 1
| #define HAVE_SYS_SELECT_H 1
| #define HAVE_SYS_SOCKET_H 1
| #define STDC_HEADERS 1
| #define HAVE_DLFCN_H 1
| #define LT_OBJDIR ".libs/"
| #define PACKAGE "sketch"
| #define VERSION "1.7.5"
| #define YYTEXT_POINTER 1
| #define HAVE_ALLOCA_H 1
| #define HAVE_ALLOCA 1
| #define HAVE_DIRENT_H 1
| #define HAVE_FCNTL_H 1
| #define HAVE_FLOAT_H 1
| #define HAVE_INTTYPES_H 1
| #define HAVE_LIMITS_H 1
| #define HAVE_STDDEF_H 1
| #define HAVE_STDLIB_H 1
| #define HAVE_STRING_H 1
| #define HAVE_STRINGS_H 1
| #define HAVE_SYS_TIME_H 1
| #define HAVE_SYS_RESOURCE_H 1
| #define HAVE_UNISTD_H 1
| #define HAVE__BOOL 1
| #define HAVE_STDBOOL_H 1
| /* end confdefs.h.  */
| #include <stddef.h>
| #ifdef HAVE_STDIO_H
| # include <stdio.h>
| #endif
| #ifdef HAVE_STDLIB_H
| # include <stdlib.h>
| #endif
| #ifdef HAVE_STRING_H
| # include <string.h>
| #endif
| #ifdef HAVE_INTTYPES_H
| # include <inttypes.h>
| #endif
| #ifdef HAVE_STDINT_H
| # include <stdint.h>
| #endif
| #ifdef HAVE_STRINGS_H
| # include <strings.h>
| #endif
| #ifdef HAVE_SYS_TYPES_H
| # include <sys/types.h>
| #endif
| #ifdef HAVE_SYS_STAT_H
| # include <sys/stat.h>
| #endif
| #ifdef HAVE_UNISTD_H
| # include <unistd.h>
| #endif
| 	        enum { N = 16 / 2 - 1 };
| int
| main (void)
| {
| static int test_array [1 - 2 * !((int16_t) (((((int16_t) 1 << N) << N) - 1) * 2 + 1)
| 		 < (int16_t) (((((int16_t) 1 << N) << N) - 1) * 2 + 2))];
| test_array [0] = 0;
| return test_array [0];
| 
|   ;
|   return 0;
| }
configure:19066: result: yes
configure:19075: checking for int32_t
configure:19075: gcc -c -g -O2  conftest.c >&5
configure:19075: $? = 0
configure:19075: gcc -c -g -O2  conftest.c >&5
conftest.c:76:53: warning: overflow in expression; result is -2147483648 with type 'int' [-Winteger-overflow]
                 < (int32_t) (((((int32_t) 1 << N) << N) - 1) * 2 + 2))];
                                                                  ^
conftest.c:75:24: error: 'test_array' declared as an array with a negative size
static int test_array [1 - 2 * !((int32_t) (((((int32_t) 1 << N) << N) - 1) * 2 + 1)
                       ^~~~~~~~~~~~~~~~~~~~~~~~~~~~~~~~~~~~~~~~~~~~~~~~~~~~~~~~~~~~~
1 warning and 1 error generated.
configure:19075: $? = 1
configure: failed program was:
| /* confdefs.h */
| #define PACKAGE_NAME "SKETCH"
| #define PACKAGE_TARNAME "sketch"
| #define PACKAGE_VERSION "1.7.5"
| #define PACKAGE_STRING "SKETCH 1.7.5"
| #define PACKAGE_BUGREPORT "asolar@csail.mit.edu"
| #define PACKAGE_URL ""
| #define HAVE_STDIO_H 1
| #define HAVE_STDLIB_H 1
| #define HAVE_STRING_H 1
| #define HAVE_INTTYPES_H 1
| #define HAVE_STDINT_H 1
| #define HAVE_STRINGS_H 1
| #define HAVE_SYS_STAT_H 1
| #define HAVE_SYS_TYPES_H 1
| #define HAVE_UNISTD_H 1
| #define HAVE_SYS_TIME_H 1
| #define HAVE_SYS_SELECT_H 1
| #define HAVE_SYS_SOCKET_H 1
| #define STDC_HEADERS 1
| #define HAVE_DLFCN_H 1
| #define LT_OBJDIR ".libs/"
| #define PACKAGE "sketch"
| #define VERSION "1.7.5"
| #define YYTEXT_POINTER 1
| #define HAVE_ALLOCA_H 1
| #define HAVE_ALLOCA 1
| #define HAVE_DIRENT_H 1
| #define HAVE_FCNTL_H 1
| #define HAVE_FLOAT_H 1
| #define HAVE_INTTYPES_H 1
| #define HAVE_LIMITS_H 1
| #define HAVE_STDDEF_H 1
| #define HAVE_STDLIB_H 1
| #define HAVE_STRING_H 1
| #define HAVE_STRINGS_H 1
| #define HAVE_SYS_TIME_H 1
| #define HAVE_SYS_RESOURCE_H 1
| #define HAVE_UNISTD_H 1
| #define HAVE__BOOL 1
| #define HAVE_STDBOOL_H 1
| /* end confdefs.h.  */
| #include <stddef.h>
| #ifdef HAVE_STDIO_H
| # include <stdio.h>
| #endif
| #ifdef HAVE_STDLIB_H
| # include <stdlib.h>
| #endif
| #ifdef HAVE_STRING_H
| # include <string.h>
| #endif
| #ifdef HAVE_INTTYPES_H
| # include <inttypes.h>
| #endif
| #ifdef HAVE_STDINT_H
| # include <stdint.h>
| #endif
| #ifdef HAVE_STRINGS_H
| # include <strings.h>
| #endif
| #ifdef HAVE_SYS_TYPES_H
| # include <sys/types.h>
| #endif
| #ifdef HAVE_SYS_STAT_H
| # include <sys/stat.h>
| #endif
| #ifdef HAVE_UNISTD_H
| # include <unistd.h>
| #endif
| 	        enum { N = 32 / 2 - 1 };
| int
| main (void)
| {
| static int test_array [1 - 2 * !((int32_t) (((((int32_t) 1 << N) << N) - 1) * 2 + 1)
| 		 < (int32_t) (((((int32_t) 1 << N) << N) - 1) * 2 + 2))];
| test_array [0] = 0;
| return test_array [0];
| 
|   ;
|   return 0;
| }
configure:19075: result: yes
configure:19084: checking for int8_t
configure:19084: gcc -c -g -O2  conftest.c >&5
configure:19084: $? = 0
configure:19084: gcc -c -g -O2  conftest.c >&5
conftest.c:75:24: error: 'test_array' declared as an array with a negative size
static int test_array [1 - 2 * !((int8_t) (((((int8_t) 1 << N) << N) - 1) * 2 + 1)
                       ^~~~~~~~~~~~~~~~~~~~~~~~~~~~~~~~~~~~~~~~~~~~~~~~~~~~~~~~~~~
1 error generated.
configure:19084: $? = 1
configure: failed program was:
| /* confdefs.h */
| #define PACKAGE_NAME "SKETCH"
| #define PACKAGE_TARNAME "sketch"
| #define PACKAGE_VERSION "1.7.5"
| #define PACKAGE_STRING "SKETCH 1.7.5"
| #define PACKAGE_BUGREPORT "asolar@csail.mit.edu"
| #define PACKAGE_URL ""
| #define HAVE_STDIO_H 1
| #define HAVE_STDLIB_H 1
| #define HAVE_STRING_H 1
| #define HAVE_INTTYPES_H 1
| #define HAVE_STDINT_H 1
| #define HAVE_STRINGS_H 1
| #define HAVE_SYS_STAT_H 1
| #define HAVE_SYS_TYPES_H 1
| #define HAVE_UNISTD_H 1
| #define HAVE_SYS_TIME_H 1
| #define HAVE_SYS_SELECT_H 1
| #define HAVE_SYS_SOCKET_H 1
| #define STDC_HEADERS 1
| #define HAVE_DLFCN_H 1
| #define LT_OBJDIR ".libs/"
| #define PACKAGE "sketch"
| #define VERSION "1.7.5"
| #define YYTEXT_POINTER 1
| #define HAVE_ALLOCA_H 1
| #define HAVE_ALLOCA 1
| #define HAVE_DIRENT_H 1
| #define HAVE_FCNTL_H 1
| #define HAVE_FLOAT_H 1
| #define HAVE_INTTYPES_H 1
| #define HAVE_LIMITS_H 1
| #define HAVE_STDDEF_H 1
| #define HAVE_STDLIB_H 1
| #define HAVE_STRING_H 1
| #define HAVE_STRINGS_H 1
| #define HAVE_SYS_TIME_H 1
| #define HAVE_SYS_RESOURCE_H 1
| #define HAVE_UNISTD_H 1
| #define HAVE__BOOL 1
| #define HAVE_STDBOOL_H 1
| /* end confdefs.h.  */
| #include <stddef.h>
| #ifdef HAVE_STDIO_H
| # include <stdio.h>
| #endif
| #ifdef HAVE_STDLIB_H
| # include <stdlib.h>
| #endif
| #ifdef HAVE_STRING_H
| # include <string.h>
| #endif
| #ifdef HAVE_INTTYPES_H
| # include <inttypes.h>
| #endif
| #ifdef HAVE_STDINT_H
| # include <stdint.h>
| #endif
| #ifdef HAVE_STRINGS_H
| # include <strings.h>
| #endif
| #ifdef HAVE_SYS_TYPES_H
| # include <sys/types.h>
| #endif
| #ifdef HAVE_SYS_STAT_H
| # include <sys/stat.h>
| #endif
| #ifdef HAVE_UNISTD_H
| # include <unistd.h>
| #endif
| 	        enum { N = 8 / 2 - 1 };
| int
| main (void)
| {
| static int test_array [1 - 2 * !((int8_t) (((((int8_t) 1 << N) << N) - 1) * 2 + 1)
| 		 < (int8_t) (((((int8_t) 1 << N) << N) - 1) * 2 + 2))];
| test_array [0] = 0;
| return test_array [0];
| 
|   ;
|   return 0;
| }
configure:19084: result: yes
configure:19094: checking for pid_t
configure:19094: gcc -c -g -O2  conftest.c >&5
configure:19094: $? = 0
configure:19094: gcc -c -g -O2  conftest.c >&5
conftest.c:75:20: error: expected expression
if (sizeof ((pid_t)))
                   ^
1 error generated.
configure:19094: $? = 1
configure: failed program was:
| /* confdefs.h */
| #define PACKAGE_NAME "SKETCH"
| #define PACKAGE_TARNAME "sketch"
| #define PACKAGE_VERSION "1.7.5"
| #define PACKAGE_STRING "SKETCH 1.7.5"
| #define PACKAGE_BUGREPORT "asolar@csail.mit.edu"
| #define PACKAGE_URL ""
| #define HAVE_STDIO_H 1
| #define HAVE_STDLIB_H 1
| #define HAVE_STRING_H 1
| #define HAVE_INTTYPES_H 1
| #define HAVE_STDINT_H 1
| #define HAVE_STRINGS_H 1
| #define HAVE_SYS_STAT_H 1
| #define HAVE_SYS_TYPES_H 1
| #define HAVE_UNISTD_H 1
| #define HAVE_SYS_TIME_H 1
| #define HAVE_SYS_SELECT_H 1
| #define HAVE_SYS_SOCKET_H 1
| #define STDC_HEADERS 1
| #define HAVE_DLFCN_H 1
| #define LT_OBJDIR ".libs/"
| #define PACKAGE "sketch"
| #define VERSION "1.7.5"
| #define YYTEXT_POINTER 1
| #define HAVE_ALLOCA_H 1
| #define HAVE_ALLOCA 1
| #define HAVE_DIRENT_H 1
| #define HAVE_FCNTL_H 1
| #define HAVE_FLOAT_H 1
| #define HAVE_INTTYPES_H 1
| #define HAVE_LIMITS_H 1
| #define HAVE_STDDEF_H 1
| #define HAVE_STDLIB_H 1
| #define HAVE_STRING_H 1
| #define HAVE_STRINGS_H 1
| #define HAVE_SYS_TIME_H 1
| #define HAVE_SYS_RESOURCE_H 1
| #define HAVE_UNISTD_H 1
| #define HAVE__BOOL 1
| #define HAVE_STDBOOL_H 1
| /* end confdefs.h.  */
| #include <stddef.h>
| #ifdef HAVE_STDIO_H
| # include <stdio.h>
| #endif
| #ifdef HAVE_STDLIB_H
| # include <stdlib.h>
| #endif
| #ifdef HAVE_STRING_H
| # include <string.h>
| #endif
| #ifdef HAVE_INTTYPES_H
| # include <inttypes.h>
| #endif
| #ifdef HAVE_STDINT_H
| # include <stdint.h>
| #endif
| #ifdef HAVE_STRINGS_H
| # include <strings.h>
| #endif
| #ifdef HAVE_SYS_TYPES_H
| # include <sys/types.h>
| #endif
| #ifdef HAVE_SYS_STAT_H
| # include <sys/stat.h>
| #endif
| #ifdef HAVE_UNISTD_H
| # include <unistd.h>
| #endif
| 
| int
| main (void)
| {
| if (sizeof ((pid_t)))
| 	    return 0;
|   ;
|   return 0;
| }
configure:19094: result: yes
configure:19130: checking for C/C++ restrict keyword
configure:19160: gcc -c -g -O2  conftest.c >&5
configure:19160: $? = 0
configure:19169: result: __restrict__
configure:19180: checking for size_t
configure:19180: result: yes
configure:19200: checking for uint16_t
configure:19200: gcc -c -g -O2  conftest.c >&5
configure:19200: $? = 0
configure:19200: result: yes
configure:19210: checking for uint32_t
configure:19210: gcc -c -g -O2  conftest.c >&5
configure:19210: $? = 0
configure:19210: result: yes
configure:19222: checking for uint8_t
configure:19222: gcc -c -g -O2  conftest.c >&5
configure:19222: $? = 0
configure:19222: result: yes
configure:19234: checking for working volatile
configure:19254: gcc -c -g -O2  conftest.c >&5
configure:19254: $? = 0
configure:19262: result: yes
configure:19272: checking whether closedir returns void
configure:19293: gcc -c -g -O2  conftest.c >&5
configure:19293: $? = 0
configure:19301: result: no
configure:19309: checking for GNU libc compatible malloc
configure:19341: gcc -o conftest -g -O2   conftest.c  >&5
configure:19341: $? = 0
configure:19341: ./conftest
configure:19341: $? = 0
configure:19352: result: yes
configure:19374: checking for working memcmp
configure:19419: gcc -o conftest -g -O2   conftest.c  >&5
configure:19419: $? = 0
configure:19419: ./conftest
configure:19419: $? = 0
configure:19430: result: yes
configure:19439: checking for GNU libc compatible realloc
configure:19471: gcc -o conftest -g -O2   conftest.c  >&5
configure:19471: $? = 0
configure:19471: ./conftest
configure:19471: $? = 0
configure:19482: result: yes
configure:19507: checking types of arguments for select
configure:19537: gcc -c -g -O2  conftest.c >&5
configure:19537: $? = 0
configure:19547: result: int,fd_set *,struct timeval *
configure:19572: checking return type of signal handlers
configure:19591: gcc -c -g -O2  conftest.c >&5
conftest.c:56:8: error: indirection requires pointer operand ('void' invalid)
return *(signal (0, 0)) (0) == 1;
       ^~~~~~~~~~~~~~~~~~~~
1 error generated.
configure:19591: $? = 1
configure: failed program was:
| /* confdefs.h */
| #define PACKAGE_NAME "SKETCH"
| #define PACKAGE_TARNAME "sketch"
| #define PACKAGE_VERSION "1.7.5"
| #define PACKAGE_STRING "SKETCH 1.7.5"
| #define PACKAGE_BUGREPORT "asolar@csail.mit.edu"
| #define PACKAGE_URL ""
| #define HAVE_STDIO_H 1
| #define HAVE_STDLIB_H 1
| #define HAVE_STRING_H 1
| #define HAVE_INTTYPES_H 1
| #define HAVE_STDINT_H 1
| #define HAVE_STRINGS_H 1
| #define HAVE_SYS_STAT_H 1
| #define HAVE_SYS_TYPES_H 1
| #define HAVE_UNISTD_H 1
| #define HAVE_SYS_TIME_H 1
| #define HAVE_SYS_SELECT_H 1
| #define HAVE_SYS_SOCKET_H 1
| #define STDC_HEADERS 1
| #define HAVE_DLFCN_H 1
| #define LT_OBJDIR ".libs/"
| #define PACKAGE "sketch"
| #define VERSION "1.7.5"
| #define YYTEXT_POINTER 1
| #define HAVE_ALLOCA_H 1
| #define HAVE_ALLOCA 1
| #define HAVE_DIRENT_H 1
| #define HAVE_FCNTL_H 1
| #define HAVE_FLOAT_H 1
| #define HAVE_INTTYPES_H 1
| #define HAVE_LIMITS_H 1
| #define HAVE_STDDEF_H 1
| #define HAVE_STDLIB_H 1
| #define HAVE_STRING_H 1
| #define HAVE_STRINGS_H 1
| #define HAVE_SYS_TIME_H 1
| #define HAVE_SYS_RESOURCE_H 1
| #define HAVE_UNISTD_H 1
| #define HAVE__BOOL 1
| #define HAVE_STDBOOL_H 1
| #define restrict __restrict__
| #define TIME_WITH_SYS_TIME 1
| #define HAVE_MALLOC 1
| #define HAVE_REALLOC 1
| #define SELECT_TYPE_ARG1 int
| #define SELECT_TYPE_ARG234 (fd_set *)
| #define SELECT_TYPE_ARG5 (struct timeval *)
| /* end confdefs.h.  */
| #include <sys/types.h>
| #include <signal.h>
| 
| int
| main (void)
| {
| return *(signal (0, 0)) (0) == 1;
|   ;
|   return 0;
| }
configure:19599: result: void
configure:19605: checking for working strcoll
configure:19633: gcc -o conftest -g -O2   conftest.c  >&5
configure:19633: $? = 0
configure:19633: ./conftest
configure:19633: $? = 0
configure:19644: result: yes
configure:19652: checking for working strtod
configure:19695: gcc -o conftest -g -O2   conftest.c  >&5
configure:19695: $? = 0
configure:19695: ./conftest
configure:19695: $? = 0
configure:19706: result: yes
configure:19773: checking for vprintf
configure:19773: gcc -o conftest -g -O2   conftest.c  >&5
conftest.c:68:6: warning: incompatible redeclaration of library function 'vprintf' [-Wincompatible-library-redeclaration]
char vprintf ();
     ^
conftest.c:68:6: note: 'vprintf' is a builtin with type 'int (const char *, __builtin_va_list)'
1 warning generated.
configure:19773: $? = 0
configure:19773: result: yes
configure:19794: checking for atexit
configure:19794: gcc -o conftest -g -O2   conftest.c  >&5
configure:19794: $? = 0
configure:19794: result: yes
configure:19800: checking for floor
configure:19800: gcc -o conftest -g -O2   conftest.c  >&5
conftest.c:70:6: warning: incompatible redeclaration of library function 'floor' [-Wincompatible-library-redeclaration]
char floor ();
     ^
conftest.c:70:6: note: 'floor' is a builtin with type 'double (double)'
1 warning generated.
configure:19800: $? = 0
configure:19800: result: yes
configure:19806: checking for getpagesize
configure:19806: gcc -o conftest -g -O2   conftest.c  >&5
configure:19806: $? = 0
configure:19806: result: yes
configure:19812: checking for gettimeofday
configure:19812: gcc -o conftest -g -O2   conftest.c  >&5
configure:19812: $? = 0
configure:19812: result: yes
configure:19818: checking for mblen
configure:19818: gcc -o conftest -g -O2   conftest.c  >&5
configure:19818: $? = 0
configure:19818: result: yes
configure:19824: checking for memchr
configure:19824: gcc -o conftest -g -O2   conftest.c  >&5
conftest.c:74:6: warning: incompatible redeclaration of library function 'memchr' [-Wincompatible-library-redeclaration]
char memchr ();
     ^
conftest.c:74:6: note: 'memchr' is a builtin with type 'void *(const void *, int, unsigned long)'
1 warning generated.
configure:19824: $? = 0
configure:19824: result: yes
configure:19830: checking for memmove
configure:19830: gcc -o conftest -g -O2   conftest.c  >&5
conftest.c:75:6: warning: incompatible redeclaration of library function 'memmove' [-Wincompatible-library-redeclaration]
char memmove ();
     ^
conftest.c:75:6: note: 'memmove' is a builtin with type 'void *(void *, const void *, unsigned long)'
1 warning generated.
configure:19830: $? = 0
configure:19830: result: yes
configure:19836: checking for memset
configure:19836: gcc -o conftest -g -O2   conftest.c  >&5
conftest.c:76:6: warning: incompatible redeclaration of library function 'memset' [-Wincompatible-library-redeclaration]
char memset ();
     ^
conftest.c:76:6: note: 'memset' is a builtin with type 'void *(void *, int, unsigned long)'
1 warning generated.
configure:19836: $? = 0
configure:19836: result: yes
configure:19842: checking for pow
configure:19842: gcc -o conftest -g -O2   conftest.c  >&5
conftest.c:77:6: warning: incompatible redeclaration of library function 'pow' [-Wincompatible-library-redeclaration]
char pow ();
     ^
conftest.c:77:6: note: 'pow' is a builtin with type 'double (double, double)'
1 warning generated.
configure:19842: $? = 0
configure:19842: result: yes
configure:19848: checking for putenv
configure:19848: gcc -o conftest -g -O2   conftest.c  >&5
configure:19848: $? = 0
configure:19848: result: yes
configure:19854: checking for select
configure:19854: gcc -o conftest -g -O2   conftest.c  >&5
configure:19854: $? = 0
configure:19854: result: yes
configure:19860: checking for sqrt
configure:19860: gcc -o conftest -g -O2   conftest.c  >&5
conftest.c:80:6: warning: incompatible redeclaration of library function 'sqrt' [-Wincompatible-library-redeclaration]
char sqrt ();
     ^
conftest.c:80:6: note: 'sqrt' is a builtin with type 'double (double)'
1 warning generated.
configure:19860: $? = 0
configure:19860: result: yes
configure:19866: checking for strchr
configure:19866: gcc -o conftest -g -O2   conftest.c  >&5
conftest.c:81:6: warning: incompatible redeclaration of library function 'strchr' [-Wincompatible-library-redeclaration]
char strchr ();
     ^
conftest.c:81:6: note: 'strchr' is a builtin with type 'char *(const char *, int)'
1 warning generated.
configure:19866: $? = 0
configure:19866: result: yes
configure:19872: checking for strcspn
configure:19872: gcc -o conftest -g -O2   conftest.c  >&5
conftest.c:82:6: warning: incompatible redeclaration of library function 'strcspn' [-Wincompatible-library-redeclaration]
char strcspn ();
     ^
conftest.c:82:6: note: 'strcspn' is a builtin with type 'unsigned long (const char *, const char *)'
1 warning generated.
configure:19872: $? = 0
configure:19872: result: yes
configure:19878: checking for strdup
configure:19878: gcc -o conftest -g -O2   conftest.c  >&5
conftest.c:83:6: warning: incompatible redeclaration of library function 'strdup' [-Wincompatible-library-redeclaration]
char strdup ();
     ^
conftest.c:83:6: note: 'strdup' is a builtin with type 'char *(const char *)'
1 warning generated.
configure:19878: $? = 0
configure:19878: result: yes
configure:19884: checking for strerror
configure:19884: gcc -o conftest -g -O2   conftest.c  >&5
conftest.c:84:6: warning: incompatible redeclaration of library function 'strerror' [-Wincompatible-library-redeclaration]
char strerror ();
     ^
conftest.c:84:6: note: 'strerror' is a builtin with type 'char *(int)'
1 warning generated.
configure:19884: $? = 0
configure:19884: result: yes
configure:19890: checking for strpbrk
configure:19890: gcc -o conftest -g -O2   conftest.c  >&5
conftest.c:85:6: warning: incompatible redeclaration of library function 'strpbrk' [-Wincompatible-library-redeclaration]
char strpbrk ();
     ^
conftest.c:85:6: note: 'strpbrk' is a builtin with type 'char *(const char *, const char *)'
1 warning generated.
configure:19890: $? = 0
configure:19890: result: yes
configure:19896: checking for strrchr
configure:19896: gcc -o conftest -g -O2   conftest.c  >&5
conftest.c:86:6: warning: incompatible redeclaration of library function 'strrchr' [-Wincompatible-library-redeclaration]
char strrchr ();
     ^
conftest.c:86:6: note: 'strrchr' is a builtin with type 'char *(const char *, int)'
1 warning generated.
configure:19896: $? = 0
configure:19896: result: yes
configure:19902: checking for strspn
configure:19902: gcc -o conftest -g -O2   conftest.c  >&5
conftest.c:87:6: warning: incompatible redeclaration of library function 'strspn' [-Wincompatible-library-redeclaration]
char strspn ();
     ^
conftest.c:87:6: note: 'strspn' is a builtin with type 'unsigned long (const char *, const char *)'
1 warning generated.
configure:19902: $? = 0
configure:19902: result: yes
configure:19908: checking for strstr
configure:19908: gcc -o conftest -g -O2   conftest.c  >&5
conftest.c:88:6: warning: incompatible redeclaration of library function 'strstr' [-Wincompatible-library-redeclaration]
char strstr ();
     ^
conftest.c:88:6: note: 'strstr' is a builtin with type 'char *(const char *, const char *)'
1 warning generated.
configure:19908: $? = 0
configure:19908: result: yes
configure:19914: checking for strtol
configure:19914: gcc -o conftest -g -O2   conftest.c  >&5
conftest.c:89:6: warning: incompatible redeclaration of library function 'strtol' [-Wincompatible-library-redeclaration]
char strtol ();
     ^
conftest.c:89:6: note: 'strtol' is a builtin with type 'long (const char *, char **, int)'
1 warning generated.
configure:19914: $? = 0
configure:19914: result: yes
configure:19920: checking for strtoul
configure:19920: gcc -o conftest -g -O2   conftest.c  >&5
conftest.c:90:6: warning: incompatible redeclaration of library function 'strtoul' [-Wincompatible-library-redeclaration]
char strtoul ();
     ^
conftest.c:90:6: note: 'strtoul' is a builtin with type 'unsigned long (const char *, char **, int)'
1 warning generated.
configure:19920: $? = 0
configure:19920: result: yes
configure:20045: checking that generated files are newer than configure
configure:20051: result: done
configure:20078: creating ./config.status

## ---------------------- ##
## Running config.status. ##
## ---------------------- ##

This file was extended by SKETCH config.status 1.7.5, which was
generated by GNU Autoconf 2.71.  Invocation command line was

  CONFIG_FILES    = 
  CONFIG_HEADERS  = 
  CONFIG_LINKS    = 
  CONFIG_COMMANDS = 
  $ ./config.status 

on bagganghuis-MacBook-Air.local

config.status:1204: creating Makefile
config.status:1204: creating src/Makefile
config.status:1204: creating src/MiniSat/Makefile
config.status:1204: creating src/SketchSolver/Makefile
config.status:1204: creating config.h
config.status:1433: executing libtool commands
config.status:1433: executing depfiles commands
config.status:2221: cd src/MiniSat       && sed -e '/# am--include-marker/d' Makefile         | make -f - am--depfiles
make: Nothing to be done for `am--depfiles'.
config.status:2226: $? = 0
config.status:2221: cd src/SketchSolver       && sed -e '/# am--include-marker/d' Makefile         | make -f - am--depfiles
make: Nothing to be done for `am--depfiles'.
config.status:2226: $? = 0

## ---------------- ##
## Cache variables. ##
## ---------------- ##

ac_cv_build=aarch64-apple-darwin20.3.0
ac_cv_c_compiler_gnu=yes
ac_cv_c_const=yes
ac_cv_c_inline=inline
ac_cv_c_int16_t=yes
ac_cv_c_int32_t=yes
ac_cv_c_int8_t=yes
ac_cv_c_restrict=__restrict__
ac_cv_c_uint16_t=yes
ac_cv_c_uint32_t=yes
ac_cv_c_uint8_t=yes
ac_cv_c_volatile=yes
ac_cv_cxx_compiler_gnu=yes
ac_cv_env_CCC_set=
ac_cv_env_CCC_value=
ac_cv_env_CC_set=
ac_cv_env_CC_value=
ac_cv_env_CFLAGS_set=
ac_cv_env_CFLAGS_value=
ac_cv_env_CPPFLAGS_set=
ac_cv_env_CPPFLAGS_value=
ac_cv_env_CPP_set=
ac_cv_env_CPP_value=
ac_cv_env_CXXCPP_set=
ac_cv_env_CXXCPP_value=
ac_cv_env_CXXFLAGS_set=
ac_cv_env_CXXFLAGS_value=
ac_cv_env_CXX_set=
ac_cv_env_CXX_value=
ac_cv_env_LDFLAGS_set=
ac_cv_env_LDFLAGS_value=
ac_cv_env_LIBS_set=
ac_cv_env_LIBS_value=
ac_cv_env_LT_SYS_LIBRARY_PATH_set=
ac_cv_env_LT_SYS_LIBRARY_PATH_value=
ac_cv_env_YACC_set=
ac_cv_env_YACC_value=
ac_cv_env_YFLAGS_set=
ac_cv_env_YFLAGS_value=
ac_cv_env_build_alias_set=
ac_cv_env_build_alias_value=
ac_cv_env_host_alias_set=
ac_cv_env_host_alias_value=
ac_cv_env_target_alias_set=
ac_cv_env_target_alias_value=
ac_cv_func_alloca_works=yes
ac_cv_func_atexit=yes
ac_cv_func_closedir_void=no
ac_cv_func_floor=yes
ac_cv_func_getpagesize=yes
ac_cv_func_gettimeofday=yes
ac_cv_func_malloc_0_nonnull=yes
ac_cv_func_mblen=yes
ac_cv_func_memchr=yes
ac_cv_func_memcmp_working=yes
ac_cv_func_memmove=yes
ac_cv_func_memset=yes
ac_cv_func_pow=yes
ac_cv_func_putenv=yes
ac_cv_func_realloc_0_nonnull=yes
ac_cv_func_select=yes
ac_cv_func_select_args='int,fd_set *,struct timeval *'
ac_cv_func_setvbuf_reversed=no
ac_cv_func_sqrt=yes
ac_cv_func_strchr=yes
ac_cv_func_strcoll_works=yes
ac_cv_func_strcspn=yes
ac_cv_func_strdup=yes
ac_cv_func_strerror=yes
ac_cv_func_strpbrk=yes
ac_cv_func_strrchr=yes
ac_cv_func_strspn=yes
ac_cv_func_strstr=yes
ac_cv_func_strtod=yes
ac_cv_func_strtol=yes
ac_cv_func_strtoul=yes
ac_cv_func_vprintf=yes
ac_cv_header_dirent_dirent_h=yes
ac_cv_header_dlfcn_h=yes
ac_cv_header_fcntl_h=yes
ac_cv_header_float_h=yes
ac_cv_header_inttypes_h=yes
ac_cv_header_libintl_h=no
ac_cv_header_limits_h=yes
ac_cv_header_malloc_h=no
ac_cv_header_stdbool_h=yes
ac_cv_header_stddef_h=yes
ac_cv_header_stdint_h=yes
ac_cv_header_stdio_h=yes
ac_cv_header_stdlib_h=yes
ac_cv_header_string_h=yes
ac_cv_header_strings_h=yes
ac_cv_header_sys_resource_h=yes
ac_cv_header_sys_select_h=yes
ac_cv_header_sys_socket_h=yes
ac_cv_header_sys_stat_h=yes
ac_cv_header_sys_time_h=yes
ac_cv_header_sys_types_h=yes
ac_cv_header_unistd_h=yes
ac_cv_host=aarch64-apple-darwin20.3.0
ac_cv_lib_lex='none needed'
ac_cv_objext=o
ac_cv_path_EGREP='/usr/bin/grep -E'
ac_cv_path_FGREP='/usr/bin/grep -F'
ac_cv_path_GREP=/usr/bin/grep
ac_cv_path_SED=/usr/bin/sed
ac_cv_path_install='/usr/bin/install -c'
ac_cv_path_lt_DD=/bin/dd
ac_cv_prog_AWK=awk
ac_cv_prog_CPP='gcc -E'
ac_cv_prog_CXXCPP='g++ -E'
ac_cv_prog_LEX=flex
ac_cv_prog_YACC='bison -y'
ac_cv_prog_ac_ct_AR=ar
ac_cv_prog_ac_ct_CC=gcc
ac_cv_prog_ac_ct_CXX=g++
ac_cv_prog_ac_ct_DSYMUTIL=dsymutil
ac_cv_prog_ac_ct_LIPO=lipo
ac_cv_prog_ac_ct_NMEDIT=nmedit
ac_cv_prog_ac_ct_OBJDUMP=objdump
ac_cv_prog_ac_ct_OTOOL=otool
ac_cv_prog_ac_ct_RANLIB=ranlib
ac_cv_prog_ac_ct_STRIP=strip
ac_cv_prog_cc_c11=
ac_cv_prog_cc_g=yes
ac_cv_prog_cc_stdc=
ac_cv_prog_cxx_11=no
ac_cv_prog_cxx_g=yes
ac_cv_prog_cxx_stdcxx=
ac_cv_prog_lex_root=lex.yy
ac_cv_prog_lex_yytext_pointer=yes
ac_cv_prog_make_make_set=yes
ac_cv_search_clock_gettime='none required'
ac_cv_search_opendir='none required'
ac_cv_search_pthread_create='none required'
ac_cv_search_yywrap=-ll
ac_cv_type__Bool=yes
ac_cv_type_pid_t=yes
ac_cv_type_signal=void
ac_cv_type_size_t=yes
ac_cv_working_alloca_h=yes
am_cv_CC_dependencies_compiler_type=gcc3
am_cv_CXX_dependencies_compiler_type=gcc3
am_cv_make_support_nested_variables=yes
am_cv_prog_cc_c_o=yes
lt_cv_apple_cc_single_mod=yes
lt_cv_ar_at_file=no
lt_cv_deplibs_check_method=pass_all
lt_cv_file_magic_cmd='$MAGIC_CMD'
lt_cv_file_magic_test_file=
lt_cv_ld_exported_symbols_list=yes
lt_cv_ld_force_load=yes
lt_cv_ld_reload_flag=-r
lt_cv_nm_interface='BSD nm'
lt_cv_objdir=.libs
lt_cv_path_LD=/Library/Developer/CommandLineTools/usr/bin/ld
lt_cv_path_LDCXX=/Library/Developer/CommandLineTools/usr/bin/ld
lt_cv_path_NM='/usr/bin/nm -B'
lt_cv_path_mainfest_tool=no
lt_cv_prog_compiler_c_o=yes
lt_cv_prog_compiler_c_o_CXX=yes
lt_cv_prog_compiler_pic='-fno-common -DPIC'
lt_cv_prog_compiler_pic_CXX='-fno-common -DPIC'
lt_cv_prog_compiler_pic_works=yes
lt_cv_prog_compiler_pic_works_CXX=yes
lt_cv_prog_compiler_rtti_exceptions=yes
lt_cv_prog_compiler_static_works=no
lt_cv_prog_compiler_static_works_CXX=no
lt_cv_prog_gnu_ld=no
lt_cv_prog_gnu_ldcxx=no
lt_cv_sharedlib_from_linklib_cmd='printf %s\n'
lt_cv_sys_global_symbol_pipe='sed -n -e '\''s/^.*[	 ]\([BCDEGRST][BCDEGRST]*\)[	 ][	 ]*_\([_A-Za-z][_A-Za-z0-9]*\)$/\1 _\2 \2/p'\'' | sed '\''/ __gnu_lto/d'\'''
lt_cv_sys_global_symbol_to_c_name_address='sed -n -e '\''s/^: \(.*\) .*$/  {"\1", (void *) 0},/p'\'' -e '\''s/^[BCDEGRST][BCDEGRST]* .* \(.*\)$/  {"\1", (void *) \&\1},/p'\'''
lt_cv_sys_global_symbol_to_c_name_address_lib_prefix='sed -n -e '\''s/^: \(.*\) .*$/  {"\1", (void *) 0},/p'\'' -e '\''s/^[BCDEGRST][BCDEGRST]* .* \(lib.*\)$/  {"\1", (void *) \&\1},/p'\'' -e '\''s/^[BCDEGRST][BCDEGRST]* .* \(.*\)$/  {"lib\1", (void *) \&\1},/p'\'''
lt_cv_sys_global_symbol_to_cdecl='sed -n -e '\''s/^T .* \(.*\)$/extern int \1();/p'\'' -e '\''s/^[BCDEGRST][BCDEGRST]* .* \(.*\)$/extern char \1;/p'\'''
lt_cv_sys_global_symbol_to_import=
lt_cv_sys_max_cmd_len=786432
lt_cv_to_host_file_cmd=func_convert_file_noop
lt_cv_to_tool_file_cmd=func_convert_file_noop
lt_cv_truncate_bin='/bin/dd bs=4096 count=1'

## ----------------- ##
## Output variables. ##
## ----------------- ##

ACLOCAL='${SHELL} '\''/Users/ebmoon/Desktop/Study/SemGuS/sketch-1.7.6/sketch-backend/missing'\'' aclocal-1.16'
ALLOCA=''
AMDEPBACKSLASH='\'
AMDEP_FALSE='#'
AMDEP_TRUE=''
AMTAR='$${TAR-tar}'
AM_BACKSLASH='\'
AM_DEFAULT_V='$(AM_DEFAULT_VERBOSITY)'
AM_DEFAULT_VERBOSITY='1'
AM_V='$(V)'
AR='ar'
AUTOCONF='${SHELL} '\''/Users/ebmoon/Desktop/Study/SemGuS/sketch-1.7.6/sketch-backend/missing'\'' autoconf'
AUTOHEADER='${SHELL} '\''/Users/ebmoon/Desktop/Study/SemGuS/sketch-1.7.6/sketch-backend/missing'\'' autoheader'
AUTOMAKE='${SHELL} '\''/Users/ebmoon/Desktop/Study/SemGuS/sketch-1.7.6/sketch-backend/missing'\'' automake-1.16'
AWK='awk'
CC='gcc'
CCDEPMODE='depmode=gcc3'
CEGIS_API_VERSION='1.4.0'
CEGIS_SO_VERSION='1:2:0'
CFLAGS='-O3 -std=c++11'
CPP='gcc -E'
CPPFLAGS=''
CSCOPE='cscope'
CTAGS='ctags'
CXX='g++'
CXXCPP='g++ -E'
CXXDEPMODE='depmode=gcc3'
CXXFLAGS='-g -O2'
CYGPATH_W='echo'
DEFS='-DHAVE_CONFIG_H'
DEPDIR='.deps'
DLLTOOL='false'
DSYMUTIL='dsymutil'
DUMPBIN=''
ECHO_C='\c'
ECHO_N=''
ECHO_T=''
EGREP='/usr/bin/grep -E'
ETAGS='etags'
EXEEXT=''
FGREP='/usr/bin/grep -F'
GREP='/usr/bin/grep'
INSTALL_DATA='${INSTALL} -m 644'
INSTALL_PROGRAM='${INSTALL}'
INSTALL_SCRIPT='${INSTALL}'
INSTALL_STRIP_PROGRAM='$(install_sh) -c -s'
LD='/Library/Developer/CommandLineTools/usr/bin/ld'
LDFLAGS=''
LEX='flex'
LEXLIB='-ll '
LEX_OUTPUT_ROOT='lex.yy'
LIBOBJS=''
LIBS=''
LIBTOOL='$(SHELL) $(top_builddir)/libtool'
LIPO='lipo'
LN_S='ln -s'
LTLIBOBJS=''
LT_SYS_LIBRARY_PATH=''
MAKEINFO='${SHELL} '\''/Users/ebmoon/Desktop/Study/SemGuS/sketch-1.7.6/sketch-backend/missing'\'' makeinfo'
MANIFEST_TOOL=':'
MKDIR_P='./install-sh -c -d'
NM='/usr/bin/nm -B'
NMEDIT='nmedit'
OBJDUMP='objdump'
OBJEXT='o'
OTOOL64=':'
OTOOL='otool'
PACKAGE='sketch'
PACKAGE_BUGREPORT='asolar@csail.mit.edu'
PACKAGE_NAME='SKETCH'
PACKAGE_STRING='SKETCH 1.7.5'
PACKAGE_TARNAME='sketch'
PACKAGE_URL=''
PACKAGE_VERSION='1.7.5'
PATH_SEPARATOR=':'
POW_LIB=''
RANLIB='ranlib'
SED='/usr/bin/sed'
SET_MAKE=''
SHELL='/bin/sh'
STRIP='strip'
VERSION='1.7.5'
YACC='bison -y'
YFLAGS=''
ac_ct_AR='ar'
ac_ct_CC='gcc'
ac_ct_CXX='g++'
ac_ct_DUMPBIN=''
am__EXEEXT_FALSE=''
am__EXEEXT_TRUE='#'
am__fastdepCC_FALSE='#'
am__fastdepCC_TRUE=''
am__fastdepCXX_FALSE='#'
am__fastdepCXX_TRUE=''
am__include='include'
am__isrc=''
am__leading_dot='.'
am__nodep='_no'
am__quote=''
am__tar='$${TAR-tar} chof - "$$tardir"'
am__untar='$${TAR-tar} xf -'
bindir='${exec_prefix}/bin'
build='aarch64-apple-darwin20.3.0'
build_alias=''
build_cpu='aarch64'
build_os='darwin20.3.0'
build_vendor='apple'
datadir='${datarootdir}'
datarootdir='${prefix}/share'
docdir='${datarootdir}/doc/${PACKAGE_TARNAME}'
dvidir='${docdir}'
exec_prefix='${prefix}'
host='aarch64-apple-darwin20.3.0'
host_alias=''
host_cpu='aarch64'
host_os='darwin20.3.0'
host_vendor='apple'
htmldir='${docdir}'
includedir='${prefix}/include'
infodir='${datarootdir}/info'
install_sh='${SHELL} /Users/ebmoon/Desktop/Study/SemGuS/sketch-1.7.6/sketch-backend/install-sh'
libdir='${exec_prefix}/lib'
libexecdir='${exec_prefix}/libexec'
localedir='${datarootdir}/locale'
localstatedir='${prefix}/var'
mandir='${datarootdir}/man'
mkdir_p='$(MKDIR_P)'
oldincludedir='/usr/include'
pdfdir='${docdir}'
prefix='/usr'
program_transform_name='s,x,x,'
psdir='${docdir}'
runstatedir='${localstatedir}/run'
sbindir='${exec_prefix}/sbin'
sharedstatedir='${prefix}/com'
sysconfdir='${prefix}/etc'
target_alias=''

## ----------- ##
## confdefs.h. ##
## ----------- ##

/* confdefs.h */
#define PACKAGE_NAME "SKETCH"
#define PACKAGE_TARNAME "sketch"
#define PACKAGE_VERSION "1.7.5"
#define PACKAGE_STRING "SKETCH 1.7.5"
#define PACKAGE_BUGREPORT "asolar@csail.mit.edu"
#define PACKAGE_URL ""
#define HAVE_STDIO_H 1
#define HAVE_STDLIB_H 1
#define HAVE_STRING_H 1
#define HAVE_INTTYPES_H 1
#define HAVE_STDINT_H 1
#define HAVE_STRINGS_H 1
#define HAVE_SYS_STAT_H 1
#define HAVE_SYS_TYPES_H 1
#define HAVE_UNISTD_H 1
#define HAVE_SYS_TIME_H 1
#define HAVE_SYS_SELECT_H 1
#define HAVE_SYS_SOCKET_H 1
#define STDC_HEADERS 1
#define HAVE_DLFCN_H 1
#define LT_OBJDIR ".libs/"
#define PACKAGE "sketch"
#define VERSION "1.7.5"
#define YYTEXT_POINTER 1
#define HAVE_ALLOCA_H 1
#define HAVE_ALLOCA 1
#define HAVE_DIRENT_H 1
#define HAVE_FCNTL_H 1
#define HAVE_FLOAT_H 1
#define HAVE_INTTYPES_H 1
#define HAVE_LIMITS_H 1
#define HAVE_STDDEF_H 1
#define HAVE_STDLIB_H 1
#define HAVE_STRING_H 1
#define HAVE_STRINGS_H 1
#define HAVE_SYS_TIME_H 1
#define HAVE_SYS_RESOURCE_H 1
#define HAVE_UNISTD_H 1
#define HAVE__BOOL 1
#define HAVE_STDBOOL_H 1
#define restrict __restrict__
#define TIME_WITH_SYS_TIME 1
#define HAVE_MALLOC 1
#define HAVE_REALLOC 1
#define SELECT_TYPE_ARG1 int
#define SELECT_TYPE_ARG234 (fd_set *)
#define SELECT_TYPE_ARG5 (struct timeval *)
#define RETSIGTYPE void
#define HAVE_STRCOLL 1
#define HAVE_VPRINTF 1
#define HAVE_ATEXIT 1
#define HAVE_FLOOR 1
#define HAVE_GETPAGESIZE 1
#define HAVE_GETTIMEOFDAY 1
#define HAVE_MBLEN 1
#define HAVE_MEMCHR 1
#define HAVE_MEMMOVE 1
#define HAVE_MEMSET 1
#define HAVE_POW 1
#define HAVE_PUTENV 1
#define HAVE_SELECT 1
#define HAVE_SQRT 1
#define HAVE_STRCHR 1
#define HAVE_STRCSPN 1
#define HAVE_STRDUP 1
#define HAVE_STRERROR 1
#define HAVE_STRPBRK 1
#define HAVE_STRRCHR 1
#define HAVE_STRSPN 1
#define HAVE_STRSTR 1
#define HAVE_STRTOL 1
#define HAVE_STRTOUL 1

configure: exit 0
